  3
    1   60  20.849867  41.332199  4.80
    2   45  19.249165  37.909416  4.72
    3   62  19.596994   3.278607  5.06
 167
  18.331030  36.064442  4.33      2
  18.403830  39.507221  5.12      2
  18.615641  38.783611  0.03      2
  18.738970  39.671108  6.02      2
  18.739000  39.669998  5.06      2
  18.739691  39.612782  5.37      2
  18.739691  39.613060  5.14      2
  18.746220  37.605000  4.36      2
  18.746719  37.594440  5.73      2
  18.747190   2.060000  5.02      3
  18.774580   0.961670  5.90      3
  18.829420  32.812778  5.91      2
  18.831360  32.550831  5.25      2
  18.834669  33.362782  3.45      2
  18.856140  -2.682220  6.10      3
  18.895439  36.971668  5.58      2
  18.908390  36.898891  4.30      2
  18.922251  43.946110  4.04      2
  18.979691  13.906670  5.89      3
  18.982389  32.689442  3.24      2
  18.984921  13.622500  5.23      3
  18.993719  15.068330  4.02      3
  19.000250  32.145561  4.93      2
  19.024000  46.934719  5.01      2
  19.028000  -4.261110  4.02      3
  19.048470  -2.301110  5.42      3
  19.082670  -3.968610  5.42      3
  19.090170  13.863330  2.99      3
  19.104139  -3.117500  3.44      3
  19.116280  11.071390  5.09      3
  19.121691  36.100281  5.28      2
  19.123779  32.501671  5.23      2
  19.149969   6.073330  5.22      3
  19.196110  31.283331  5.98      2
  19.211309  -6.060560  5.34      3
  19.228531   2.293610  5.15      3
  19.229309  39.146111  4.39      2
  19.272810  38.133610  4.36      2
  19.275280   4.834720  5.59      3
  19.285061  53.368610  3.77      2
  19.296940  11.595280  5.28      3
  19.309031   1.085280  5.10      3
  19.314140   0.339170  6.41      3
  19.327579  12.374720  5.53      3
  19.331390  11.535000  6.02      3
  19.342470  -4.584170  5.01      3
  19.343250   0.892220  5.49      3
  19.402109  29.621389  4.97      2
  19.416170  11.944440  5.16      3
  19.424971   3.114720  3.36      3
  19.435860  36.317780  5.15      2
  19.441971   0.338610  4.66      3
  19.457190  52.320560  5.75      2
  19.483610   1.950280  5.80      3
  19.495081  51.729721  3.79      2
  19.511061  -1.211110  5.03      3
  19.512030  27.959721  3.08      2
  19.512581  27.965281  5.11      2
  19.529530  34.453060  4.74      2
  19.568171   7.378890  4.45      3
  19.580811  29.463060  5.38      2
  19.585360  -9.439720  5.12      3
  19.596750  36.944439  6.05      2
  19.607361  50.221111  4.48      2
  19.612030  -0.713610  4.36      3
  19.614861  -6.972500  4.95      3
  19.629810  -3.352500  5.46      3
  19.653219   5.397780  5.17      3
  19.656281  30.153330  4.69      2
  19.657360  42.818329  5.40      2
  19.678690   0.621110  5.67      3
  19.696920  50.525280  5.96      2
  19.703560  12.193330  6.34      3
  19.709440  11.826670  5.27      3
  19.737940  37.354439  4.89      2
  19.742809  13.302780  6.26      3
  19.749580  45.130829  2.87      2
  19.761080   7.613330  5.91      3
  19.771000  10.613330  2.72      3
  19.773781  33.727779  4.99      2
  19.811689  11.815830  5.72      3
  19.842751  32.914169  4.23      2
  19.842779  38.722500  5.12      2
  19.843809  52.988060  5.03      1
  19.846331  -9.236390  5.39      3
  19.846390   8.868330  0.77      3
  19.850439  10.415560  5.11      3
  19.874559   1.005560  3.90      3
  19.888170  57.523609  5.14      1
  19.902281  -7.425830  5.79      3
  19.904140   8.461390  4.71      3
  19.910440  -7.772780  5.71      3
  19.910580  -7.762780  6.49      3
  19.912439   0.273610  5.61      3
  19.921890   6.406670  3.71      3
  19.927170  52.438889  4.92      1
  19.931030  38.486671  4.94      2
  19.937309  11.423890  5.28      3
  19.938440  35.083328  3.89      2
  19.998671  37.042782  5.19      2
  20.022671  50.104721  5.05      1
  20.068970   7.278060  5.52      3
  20.073111   0.709440  5.68      3
  20.106060  35.972500  5.36      1
  20.133829   0.678330  5.99      3
  20.157110  36.839722  4.93      1
  20.188419   0.821390  3.23      3
  20.220530  -0.990560  5.47      3
  20.221670  46.815830  4.83      1
  20.223310  56.567780  4.30      1
  20.227190  46.741390  3.79      1
  20.237940  15.197500  4.95      3
  20.242220  36.806389  4.97      1
  20.257860  47.714439  3.98      1
  20.296440  38.033058  4.81      1
  20.307940  37.000000  5.58      1
  20.310860  34.982780  5.17      1
  20.370470  40.256672  2.20      1
  20.397690  32.189999  4.43      1
  20.450640  49.383331  5.69      1
  20.459530  38.440281  5.62      1
  20.473579  -2.642220  6.13      3
  20.489000  36.454720  5.88      1
  20.489920  30.368610  4.01      1
  20.494169  -1.114440  4.91      3
  20.500971  48.951672  4.95      1
  20.516439  36.935829  6.19      1
  20.521891  49.220280  5.44      1
  20.565060  35.250832  4.61      1
  20.612110  -1.450000  4.89      3
  20.625500  31.572500  6.32      1
  20.638969  -0.894720  4.32      3
  20.684059  32.307220  5.51      1
  20.690531  45.280281  1.25      1
  20.703501  50.340000  5.39      1
  20.761030  30.719721  4.22      1
  20.770189  33.970280  2.46      1
  20.790140  36.490829  4.53      1
  20.815639  46.114170  4.84      1
  20.834690  44.059441  5.04      1
  20.887440  44.387218  4.78      1
  20.952890  41.167221  3.94      1
  20.997110  47.521111  4.74      1
  21.019690  46.155830  5.37      1
  21.082190  43.927780  3.72      1
  21.110029  47.648331  4.55      1
  21.115170  38.745831  5.21      1
  21.115360  38.743328  6.03      1
  21.215611  30.226940  3.20      1
  21.246531  38.045559  3.72      1
  21.290279  39.394718  4.23      1
  21.298639  34.896938  4.43      1
  21.307560  43.945831  5.00      1
  21.429720  36.667500  5.94      1
  21.455940  37.116669  5.31      1
  21.490829  46.540562  5.24      1
  21.566360  45.591942  4.02      1
  21.579611  38.534168  4.90      1
  21.615829  40.413609  5.01      1
  21.669750  43.273891  5.11      1
  21.692860  40.805279  6.11      1
  21.701580  51.189720  4.67      1
  21.706360  41.077221  5.69      1
  21.723810  38.283890  5.65      1
  21.735640  28.743059  6.08      1
  21.735720  28.742781  4.73      1
  21.779890  49.309441  4.23      1
