  6
    1  706  13   7  10
    2 1208   0   1   0
    3  146 163  43 226
    4  451 157 246  43
    5  502  23  23  27
    6  107 239  38  17
3120
   1   1   1      2
   0   2   3      2
   0   2   0      2
   0   0   0      2
   0   0   0      2
   0   0   0      2
   0   0   0      2
  23  23  23      5
  14   0   3      1
  30   0   0      1
  11  11  11      1
   0   0   0      2
  20   0   0      1
  20  20  20      5
   4   5   0      2
  39   0   3      1
  27  27  27      5
   0   0   2      2
   4   4   4      2
   0   4   0      2
  22  22  22      5
   0   0   0      2
   0   0   0      2
   0  22  14      1
   0   0   0      2
  29  29  29      5
  17   0  23      1
   0   5   0      2
  31   0   0      1
  27   4   0      1
   0   0   0      2
   0   0   0      2
   3   0   3      2
   0   0   0      2
   7   7   7      1
   4   4   4      2
   0   0   0      2
   0   0   0      2
  19   0   0      1
   7   7   7      1
  25  23  27      5
   0   0   0      2
   0  13  23      1
   0   4  23      1
   8   0   0      2
  21  21  21      5
   0   0   1      2
   0   0   0      2
  11  11  11      1
   5   5   5      2
   0   0   0      2
   0   0   0      2
   2  13   0      2
  21  21  21      5
   4   4   4      2
  29  24  36      5
   0   6  21      1
   4   4   4      2
  18   0   0      1
   2  23  18      1
   0   0   0      2
   9   9   9      1
   0   0   0      2
  17  17  17      1
  16  16  16      1
  16  18  29      5
  35  35  35      5
  18   0   0      1
   0   0   0      2
   9   9   9      1
   3   4   0      2
   0   0   0      2
   0   0   0      2
   0   0   0      2
  22  22  22      5
   0   0   0      2
   0   0   0      2
   0   0   0      2
  34  15   0      1
  31   3  23      5
   4   3   0      2
   0   0   0      2
   0   0   0      2
   0   0   0      2
   0   9   0      2
  18  18  18      5
   0   2   0      2
  18  18  18      5
   0   0   0      2
  27  27  27      5
  33   0   0      1
   0   0  15      2
   0   0   0      2
  10   9   4      1
  16  16  16      1
  28  16   0      1
   1   1   1      2
   0  30  13      1
   0   0   0      2
   0   0   3      2
   1  10  20      1
   9   9   9      1
  15  18   3      1
  13  13  13      1
  15  15  15      1
  49  24  29      5
   0   0   0      2
   0   0   0      2
  37  38  33      5
   0   0   0      2
  12  11   1      1
  16   0   0      1
   0   0   0      2
  21  21  21      5
   3   3   3      2
   0  13   3      2
   7   0   0      2
   0   0   0      2
   0   0   0      2
   0   3   0      2
   6   6   6      1
  11  11  11      1
  32  25   0      1
   0   0   0      2
   0   0   0      2
  29   0  17      1
   0   0   0      2
   6   6   6      1
   3   0   0      2
  52  24  17      5
   0   0   0      2
  38  39  39      5
  21  21  21      5
  22  22  22      5
  28  28  28      5
  39   0   1      1
   0   0  10      2
  32   0   0      1
   2   2   2      2
   0   0   0      2
  23   0  24      1
  16  16  16      1
  13  13  13      1
   0  12  13      1
   0   0   0      2
  33   2   0      1
   0   0   2      2
   2   0   0      2
   0  11   2      2
   0   0   0      2
  28   0   0      1
   0   0   0      2
   0   0   0      2
  14   0  16      1
   4   4   4      2
   0   7   0      2
   0   0   0      2
   0  14   0      2
   9   9   9      1
   0   4   0      2
   0   0   0      2
   2   0  17      1
  37  37  37      5
   0   0   0      2
   0   0   0      2
   0   0   0      2
   2   0   0      2
   0   0   0      2
  32  32  32      5
  22   2  25      1
   0   9  10      2
   0   4   0      2
   1   0   0      2
   0   0   0      2
   0   0   0      2
  32   0   0      1
  18   0  15      1
  20  20  20      5
   0   0   0      2
   0   0   0      2
  34  34  34      5
  40  26  41      5
  14  22   9      1
   8   0   0      2
  18  12   9      1
  12  12  12      1
   0   0   0      2
   0   0   0      2
   0   0   0      2
   0   0   0      2
   0   0   0      2
  23  23  23      5
  15   0   0      1
   1   1   1      2
   0   0  11      2
   7   7   7      1
   0   0   0      2
   0   0   0      2
  15  15  15      1
  14   8   6      1
  23   7   2      1
   4   0   0      2
   0   0   0      2
  25  27  35      5
   0   0   0      2
  13  13  13      1
  25  25  25      5
  44 234  42      4
 111 255  94      4
  69 253  67      4
  71 255  73      4
  44 226  23      4
 107 255  86      4
   8   3   5      1
  19  19  19      5
  34  34  34      5
 228 234   0      4
 238 239   0      4
 232 234   0      4
 255 255   0      4
 255 255   0      4
 255 255   0      4
  21  21  21      5
   0   3   0      2
   0   0   0      2
  14   0  13      1
   5   0   6      2
   0   3   3      2
  36  36  36      5
   0   8  29      1
  12  12  12      1
  35   0   1      1
  11   0   0      2
  16  19  18      5
   0   0   0      2
  29  29  29      5
   0   0   0      2
   0   8  19      1
  20  20  20      5
  40  27  32      5
   0   0   0      2
   8   0   0      2
  11   0  12      1
  12  12  12      1
  41  41  41      5
  13  24  20      5
   0  24  35      5
   0   0   0      2
  17  17  17      1
   9  13  27      5
  17  26  23      5
   0   0   0      2
   0   0   0      2
   0   0   0      2
  10  10  10      1
   0   0   0      2
  10   0  27      1
   1   0   0      2
  40   0  15      1
   0   0   0      2
   0   0   0      2
   0   0   0      2
   6   1   0      2
   0   0   0      2
   0  13   3      2
   0   0   0      2
   0   0   0      2
  37  14  24      5
   0   0   0      2
  30  29  26      5
   0   0   0      2
 107 255  71      4
   8   8   8      1
  20   4   0      1
  14  14  14      1
   0   0   0      2
   0   8  13      1
   0   5   6      2
 124 255  95      4
  36  18  45      5
 235 235   0      4
 255 255  32      4
 255 255   0      4
 255 255   0      4
 255 255  75      4
 254 255   0      4
 253 249  93      4
 255 255   0      4
   0   0   0      2
   0   0   0      2
   0   8  30      1
  18  32  23      5
  10  10  10      1
   0   0   0      2
   3   2   4      2
   4   0  19      1
   0   0   0      2
   9   0   0      2
   0   0   0      2
   0   0   0      2
  20  20  20      5
  13  24  27      5
   0  16   0      2
   0   0   0      2
  33  32  32      5
  29  25  19      5
   0   0   0      2
   0   0   0      2
   0  17   0      2
   0   0   0      2
 255 255   0      4
 255 255   0      4
   0   0   0      2
  12  12  12      1
  22  22  22      5
   0   0   0      2
  19  21  16      5
   0   0   0      2
   0   0   0      2
  90 253  68      4
  91 255  70      4
   6   6   6      1
   0   0   0      2
   0   0   0      2
   0   0   0      2
  10  10  10      1
   0   0   0      2
  33  31  25      5
   8  20  11      1
   0   0  12      2
   0   0   0      2
   0   6  11      2
   0  14   0      2
  16  16  16      1
   0   0   0      2
  38  38  38      5
  95 217  61      4
   0   0   0      2
  91 255  74      4
  38  29  33      5
   0   0   0      2
 104 233  80      4
   0   0   0      2
   0 202   0      4
  14  14  14      1
 255 255  38      4
 239 240   0      4
  20   0   0      1
 255 255  37      4
 255 255  37      4
   0  20   0      2
 227 231   0      4
 250 249   0      4
  10   0   0      2
   4   0   0      2
 255  81  44      6
 245  26  13      6
   0   3   0      2
 254  38  22      6
 255  87  47      6
  16   4   0      1
  38   0   0      1
   0   0   0      2
   0  24   0      2
   0   7   0      2
   7   0   0      2
  76  46 221      3
  15  19   5      1
   0  11   0      2
   7  11  17      1
   0   0   0      2
   0   8  19      1
   0   6  26      1
  35  35  35      5
 255 248 109      4
 252 255  27      4
 255 255 102      4
 255 255  45      4
   0   0   0      2
   0   0   0      2
   0   0   0      2
   0   0   0      2
   0   0   0      2
  42 224  18      4
 109 255  83      4
  78 250  58      4
  83 252  59      4
   6   0  22      1
   4   0   0      2
  39  17  37      5
  13  13  13      1
  33  33  33      5
  23  19  25      5
  18  18  18      5
   3   3   3      2
  39  17  41      5
   0  39  60      5
  24   0  23      1
  23   0   0      1
   0  13  22      1
  18   6  29      5
 111 255  81      4
   0   0   0      2
  12  12  12      1
   0   0   0      2
   6   6   6      1
   0  15   0      2
   0   0   0      2
 100 255  88      4
  23  23  23      5
 255 255  13      4
 244 248   0      4
 255 255  37      4
 255 255  26      4
 255 255  45      4
 255 255   0      4
 213 216   0      4
 255 255   0      4
   0   3   0      2
 241  96  60      6
 229   1   0      6
 217   0   0      6
 218   0   0      6
 240  34   0      6
 218   0   0      6
 255  36  25      6
   0   0   0      2
  12   0   0      2
   0  23  17      1
   0   4   0      2
  68  31 207      3
  50  13 192      3
  55  32 206      3
  15  15  15      1
   0   0   9      2
   0   0   0      2
  31  22  18      5
  18  18  18      5
  14  14  15      1
 243 238   0      4
 242 251  36      4
 238 240  56      4
 242 245  65      4
  22  22  22      5
  17  17  17      1
   0   0   0      2
   0   2   0      2
  77 255  68      4
 106 255  83      4
  51 234  38      4
  97 255  80      4
  61 240  47      4
  75 255  74      4
   4   4   4      2
   0   0   0      2
   0   0   0      2
   0   7   0      2
   9   9   9      1
   0   0   0      2
   0   0   0      2
  32  32  32      5
   0   0   0      2
   0   4  32      1
   5   5   5      2
   0  25   0      2
   1   0   0      2
 111 255  91      4
   0   8   9      2
   0   5   0      2
   8   8   8      1
  16  13   8      1
   0   0   0      2
  21  25  23      5
  60 235  38      4
  25  25  25      5
 242 245   0      4
 255 255  66      4
 255 255   0      4
 255 255  54      4
 255 255  33      4
 253 255  35      4
 255 255  54      4
 231 231   0      4
   0   0   0      2
 224   0   0      6
 255  54  19      6
 221  38   6      6
 249  29  18      6
 230   0   3      6
 255  92  57      6
 247  49  30      6
  23  17  21      5
  20  20  20      5
   0   7  17      1
  70  38 213      3
  37   0 180      3
  60  20 197      3
  57  12 192      3
  39  31 203      3
   2   2   2      2
  30   0   0      1
  10  18  18      1
 255 255   0      4
 252 250  41      4
 231 225   0      4
   0  16  17      1
   0   0   0      2
 255 255  68      4
 255 255   0      4
 249 250   0      4
   0   0   0      2
   0 219  18      4
  22 223  21      4
 111 255  84      4
  54 227  19      4
 130 255  94      4
  79 237  46      4
  94 252  68      4
  49 235  42      4
   0  26   0      2
   0  12   0      2
   0   7   0      2
  21  21  21      5
  63  16  48      5
  23   0   0      1
   6   6   6      1
  16   3   0      1
  27   0   0      1
  14  13  21      1
  20  20  20      5
  14   0   0      1
 128 255  95      4
   7   7   7      1
 117 255  92      4
  96 255  75      4
  65 248  60      4
  59 251  67      4
   0   4  12      2
  98 255  77      4
   0   0   0      2
 246 242   0      4
 255 255 103      4
   0   0   0      2
  19  10  25      5
  32   0  13      1
   0   0   0      2
 255 255   0      4
 247 245  51      4
   0   0   0      2
 233   0   2      6
 255  65  38      6
 251  38  17      6
 207   0   0      6
 255  57  33      6
 233  58  36      6
 212  24   3      6
   0   0   0      2
   0   0   0      2
  60  27 203      3
  63  33 208      3
  17   0 174      5
  89  51 229      3
  63  31 206      3
  45  27 200      3
  46  21 196      3
  51  23   4      5
  20   7  17      1
 245 248   0      4
 255 255 106      4
 255 255   0      4
   0   0   0      2
   2   0   4      2
 255 255   0      4
 247 250  48      4
 255 255   0      4
  10  11  18      1
  78 246  55      4
  54 246  60      4
 122 255  98      4
  56 238  44      4
  99 255  69      4
  48 221   0      4
  85 236  67      4
 119 255 101      4
   0   2  20      1
   0  10   5      2
   7   7   7      1
  12  12  16      1
  24  30  23      5
   0  13   0      2
   7   0  25      1
  21  21  21      5
   0   0   0      2
  11  11  11      1
   0  14  12      1
  36   0   0      1
  52 227  20      4
  24  24  24      5
   0  18   0      2
   0 214   1      4
  31 232  42      4
  11  11  11      1
  22  25  23      5
  65 231  41      4
   0  11   0      2
 250 246  77      4
 236 237   0      4
 246 250  34      4
   0   8   0      2
   0   0   0      2
 255 255   0      4
 222 228   0      4
 255 255   0      4
   0   0   0      2
 244  44  21      6
 255  83  52      6
 255  56  26      6
 220   0   0      6
 241  44   8      6
 240  20   6      6
 212   0   0      6
  11  11  11      1
   0   0   0      2
  20   0   7      1
  48  28 201      3
  34   6 185      3
  79  49 225      3
  60  35 209      3
  68  35 211      3
   4   4   4      2
   0   0   0      2
  10  11   8      1
 255 255   0      4
 255 255   0      4
 250 252   0      4
  34  34  34      5
   3   0   3      2
 243 248  48      4
 255 255   0      4
 254 253  34      4
   6   3   0      2
  26  26  26      5
  45 225  19      4
 127 253 100      4
  54 242  54      4
  58 239  47      4
 115 255  93      4
  99 255  84      4
  26  26  26      5
  23  23  23      5
   1   1   0      2
   0   0   0      2
   9   1  11      1
   0   0   0      2
   4   4   4      2
  10   0  54      5
  26  22  18      5
  17  17  17      1
   0   0   0      2
   9   9   9      1
  14  14  14      1
  86 255  71      4
   0   0  46      5
   0   4   0      2
   0   1   0      2
   3   3   3      2
   0   5   0      2
   2   0   3      2
  58 234  36      4
   0  30  15      5
 255 255  14      4
 234 235  36      4
 224 231   0      4
 239 239   0      4
 255 255   0      4
 255 255   0      4
 255 255  97      4
 212 220   0      4
   1   1   1      2
   7   7   7      1
 254  51  12      6
 240  56  14      6
 246  24  15      6
 253  36  24      6
 187   0   0      6
  29  17  25      5
   4   0   0      2
  29   0   0      1
  22  22  22      5
   0   8   0      2
  51  20 196      3
 104  62 241      3
  55  26 201      3
   4   0   4      2
  21  10   0      1
  27  21  22      5
   0   0   0      2
  14   0   0      1
  32  21   7      5
  22   0  13      1
 255 255   0      4
 255 255   0      4
   0   4  17      1
   4   4   4      2
   4   4   2      2
  40  35  34      5
  36   0   0      1
   2   2   2      2
  20   0   0      1
  62 235  36      4
  79 255  68      4
   0   0   0      2
   0   0   0      2
  17  18  31      5
   0   7   0      2
   0   3   0      2
   5   5   5      2
   0   0  27      1
  35  35  35      5
   0   0   0      2
  10  10  10      1
  39   0  28      5
  19   0  15      1
  14  14  14      1
  11  11  11      1
  28  27  28      5
  65 239  43      4
   5   5   5      2
   0  18  32      5
  18  18  18      5
   0   0   0      2
  12  14   7      1
   0  10   0      2
  86 255  70      4
   9   9   9      1
 213 213  45      4
 248 251   0      4
 249 248  97      4
 255 255 117      4
 255 255   0      4
 231 238   0      4
 255 255  32      4
 220 221   0      4
   0   0   0      2
  15   0   8      1
   0   0   0      2
 231   1   0      6
 229  42  18      6
 249  34  15      6
  13  13  12      1
   6  12   5      1
  14  19  14      1
  29  29  29      5
   0   3   1      2
   0   0   0      2
  30  30  30      5
  59  33 208      3
   0   0   0      2
  12  12  12      1
   0   0   0      2
  15  15  15      1
   0   0   2      2
  24  24  24      5
  12  26  30      5
  25  25  25      5
 255 255  72      4
 233 239   0      4
   0   0  12      2
   0  17  40      5
   0   0   0      2
  27  29  27      5
   0   0   0      2
   0   0   0      2
   3   3   3      2
  46 232  36      4
  24 223  22      4
  10  10  10      1
   0   0   0      2
   0   0   0      2
  10  24  27      5
   0   0   0      2
   3   3   3      2
   0  10   0      2
  32   0   0      1
  16  16  16      1
  34  34  34      5
  30  30  30      5
   0  15   4      2
  12   0   0      2
   0   4  12      2
  17   7   0      1
  32   0   0      1
 107 255  91      4
 126 255  96      4
  58 229  24      4
  97 255  93      4
  36 225  22      4
  68 243  49      4
  27  27  27      5
  23  23  23      5
  10  14  19      1
 255 255  55      4
 255 255   0      4
 213 221   0      4
 243 242   0      4
 242 241   0      4
 255 255  38      4
   0   0   0      2
   0   0   0      2
  24  24  24      5
   0   0   0      2
   0   0   1      2
 255  41  23      6
   0   4   0      2
  39   0  25      5
   0   0   0      2
  13  19   0      1
  27  27  27      5
  35  22  30      5
  25  25  25      5
   2  19  11      1
   0   0   0      2
   0   0   0      2
   7  22   0      1
  21  21  21      5
   0   0   0      2
   0  12   0      2
   3   0  20      1
   0   3   2      2
 204 209   0      4
 255 255  44      4
 255 255  23      4
 243 246   0      4
  27  23  15      5
  20   2   0      1
   0   1  11      2
   4  10   4      2
   0   0   0      2
 113 255  84      4
 120 255  96      4
  98 255  63      4
  88 255  67      4
  14  14  14      1
   0   0   0      2
   0   9   0      2
   0   0   0      2
  17  27  19      5
  29  29  29      5
   0   0   0      2
  15  15  15      1
  22  22  22      5
   2   0   0      2
   0   0   0      2
  18  18  18      5
  20  19  18      5
  12  33   0      1
   0   0   0      2
   0   4   0      2
   0   0   0      2
   0   0   0      2
   0   0   0      2
   0  11  27      1
   0  11   0      2
  27  21  43      5
   0   0   0      2
   0   0   0      2
  29  20  26      5
   3   3   3      2
   4   4   4      2
  26  24  25      5
   0   0   0      2
   0   0   0      2
   0   0   0      2
  12  12  12      1
   0   4   0      2
   0   0   0      2
  11  11  11      1
   6   0   3      2
  16  16  16      1
  19  19  19      5
   0   0   0      2
  24  24  24      5
   0   0   0      2
   0   3   0      2
   0   0   8      2
   0   0   0      2
   0  16   6      2
   0   3   0      2
   2   2   2      2
   0   0   0      2
   0   0   0      2
  25  25  25      5
  29   6   0      1
   0   0   0      2
   0   0   0      2
  17  17  17      1
   0   7  17      1
  36  27  33      5
   3   3   3      2
   0  18  32      5
   7   0   0      2
  39   0   0      1
   0   0   0      2
  34  35  41      5
   4   1   0      2
   0   0   0      2
  13  13  13      1
   0   6   3      2
   8   6   9      1
   0  20   2      2
  23   0   0      1
  22   0   0      1
   0   3   7      2
   0   0   0      2
   2   2   2      2
   7   7   7      1
   6   0   0      2
   0   3  31      1
   0   0  22      1
  25   0   0      1
  13   0   0      1
  16   0  24      1
  27   0   0      1
   0   6  18      1
  23  23  23      5
   0   8   0      2
  29  29  29      5
   0   4   5      2
  12  12  12      1
   0   0   0      2
   0  24  62      5
   0   8  20      1
  19   1   0      1
   0   0   0      2
   0   0   0      2
  28   6  35      5
  23  23  23      5
   0   4  24      1
   1   0   1      2
   0   2   5      2
   7   7   7      1
   0   0   0      2
   0   4   0      2
   0   0   0      2
  19  26  27      5
   0   0   0      2
   1   1   1      2
   0   2   0      2
   0  11   1      2
   0   0   0      2
   0   0   0      2
   0   1   0      2
   0   0   0      2
  30   0   0      1
   0   0   0      2
  23  23  23      5
   0   0   0      2
   0  13   8      2
   0   0   0      2
   0   2  22      1
   0   5   0      2
   1   1   1      2
   0  14  41      5
  24  24  24      5
   0   4   0      2
   0  18  37      5
  39   0   0      1
   0   0   0      2
   0   0   0      2
   0   4   0      2
   3   2   0      2
  10   1   0      2
   0   3   0      2
   2   2  15      1
   0  12   3      2
   0   0   0      2
   2   2   2      2
  36   8  44      5
   0   0   0      2
   3   3   3      2
  20  20  20      5
   4  15   0      2
   0   0   0      2
   4   0   0      2
   0  11   0      2
   0   2   2      2
  12  12  12      1
   0   4  29      1
   0   0   0      2
   4   4   4      2
   7   7   7      1
  19   0   0      1
  14  25  25      5
   8   8   8      1
   0   0   0      2
  25  16  29      5
   0   0   0      2
   0   0   0      2
  19  18  15      1
  33   0   0      1
   0   9   5      2
  22  26  26      5
   2   0   0      2
  36  22  20      5
   0  24  35      5
  17  17  17      1
   0   6   6      2
   0   0   0      2
   0   6  10      2
  42   0   0      1
  29  28   0      5
   2   2   2      2
   0   0   0      2
   0  13   0      2
   0   4   0      2
   0   0   0      2
   7  14  25      1
   0   0   0      2
  22  19  18      5
  23  23  23      5
   8   8   8      1
   0   3  18      1
  10  47  45      5
  34  34  34      5
  19   0   0      1
   0   0   0      2
   0  15   1      2
   6   6   6      1
  15  15  15      1
   0   0   0      2
   8   8   8      1
  10  23  26      5
   0   0   0      2
   2  17  13      1
   0   0   0      2
  22  22  22      5
  18  18  18      5
  22  20  14      5
  26   0   1      1
   6   0   0      2
   2   0   2      2
   0   5   0      2
   0   0   0      2
   0   0   0      2
   0   0   0      2
  13   0  42      5
  12  12  12      1
  29  30  29      5
   6   6   6      1
   8   8   8      1
  16  16  16      1
   3   3   3      2
  25  25  25      5
   0   4  14      1
   0   0   0      2
  24  24  24      5
   0   0   0      2
  25  25  25      5
  23  27  30      5
  72   7  48      5
  13   0   0      1
   0   0   0      2
   0   6   3      2
   0  31  35      5
   0   0   0      2
   0   0   0      2
  12  22  28      5
   1   1   1      2
  25   0   0      1
   0   0   0      2
  27  27  27      5
   9   0   0      2
   0   0   0      2
   4   0   1      2
   0  11   0      2
  23  37  28      5
  20  20  20      5
   0   5   0      2
   3   3   3      2
   9   1   0      2
   4   0   0      2
   5   5   5      2
  28  28  28      5
  25  25  25      5
   0   0   0      2
  22  22  22      5
  11   0   4      1
   0   1  17      1
   0   0   0      2
   0   7   0      2
  16   0   7      1
  35   0   0      1
  20  14  13      1
   0   0   0      2
   7   0   0      2
  32   0   9      1
   2   0   0      2
  12   3   9      1
   0   6  28      1
  16  16  16      1
   0   0   0      2
  16  16  16      1
   0   0   0      2
  29   0  18      1
   0   0   0      2
   0   0   0      2
   0   2   5      2
  24  26  29      5
   1   0  14      2
   0   9  28      1
   0   0   0      2
  26  26  26      5
   0   1   2      2
   0   0   0      2
   0   0   6      2
   0   0   0      2
  39  14   0      1
  35  27  28      5
   0   0   0      2
   0  16  29      5
   0   0   0      2
  24  23  23      5
  32  32  32      5
   0   7   0      2
  21  21  21      5
  13  13  13      1
   0  13  17      1
   6   0   0      2
  30  30  30      5
   0   0   0      2
   5   0   0      2
   1   1   1      2
   0   5  27      1
   0  11   0      2
  11   0   0      2
   0   0   0      2
  31  31  31      5
   0   0   0      2
   0   0   0      2
   0   0   0      2
   2   0   0      2
  12  12  12      1
   5   5   5      2
  37  22  43      5
   0   0   0      2
   7   0   0      2
 218   0 220      3
 255  99 255      3
  25  25  25      5
   0   0   0      2
   0  12  13      1
  23   0   0      1
  26  20  16      5
  12  13   0      1
   0   0   0      2
   3   0   0      2
  24  24  24      5
   6   6   6      1
   0   0   0      2
   0   2   0      2
  17  17  17      1
   0   0   0      2
   0   0   0      2
   0   7  24      1
   0  19   0      2
   0   7  16      1
  18  18  17      5
  17   0  15      1
  22  23  22      5
  40  39  39      5
  42  17   0      1
   5   5   5      2
  16  14  18      1
   0   1   0      2
   0   0   0      2
   0   0   0      2
   2   2   2      2
  28  28  28      5
   0   0   0      2
   9   0   5      1
   0   6   0      2
   0   1  38      1
  29  29  29      5
   0   8   0      2
  39   6   1      1
  18   0   0      1
  23   0   4      1
   8   8   8      1
   2   0   3      2
  35  38  50      5
  18  17  16      1
 254  65  31      6
 214   0   0      6
   1   1   1      2
   8   1   0      2
 216  42  13      6
 243  57  27      6
   0   0   0      2
   1   0  15      1
  11   0   0      2
  20   0   1      1
   0   4  16      1
  25  16   0      1
   0   0   0      2
   0   0   2      2
  10  10  10      1
  21  21  21      5
  23   0   0      1
   0  18  14      1
   0   0   0      2
  20  23  21      5
 255  82 255      3
 226  22 227      3
   0  14  24      1
  32  13  18      5
   0   0   0      2
   0   0   0      2
   0   0   0      2
   0  11   0      2
  13  13  13      1
  30   0  11      1
  16  21  22      5
   2   0   0      2
  31   0   0      1
   9   9   9      1
   0   0   0      2
   0   0   0      2
   0   0   0      2
  34  34  34      5
   0  15   0      2
   0   0   0      2
   1   1   1      2
   0   0   0      2
   0  14  17      1
   0   0   0      2
   0   0   0      2
   0   0   0      2
   0   0   0      2
  15  15  15      1
   7   0   9      1
   0   0   0      2
   0  10   1      2
   0   0   0      2
  16  16  16      1
  14  14  14      1
   0   0   0      2
  36  36  36      5
  25  25  25      5
   0   0   0      2
 227 225   0      4
 236 241   0      4
   0   0   0      2
   0   0   0      2
  19   0   0      1
   0  44  68      5
   0   0   0      2
 255  70  28      6
 242  27   5      6
   0  14  41      5
  19  19  19      5
 255  74  41      6
 232   0   0      6
   0   0   0      2
   0   6   0      2
   3   3   3      2
  39  39  39      5
  35   0   1      1
   0  11   1      2
   0   0   0      2
   0  17  17      1
   0   2  22      1
  24  24  24      5
  26   0   0      1
   0   4   4      2
 228  18 226      3
 229  51 228      3
 219   0 220      3
 222  49 216      3
 249  76 250      3
   0   0   0      2
  14   0   0      1
   0   2   5      2
  29   0   1      1
   0   1   6      2
   2   2   2      2
  22  26  24      5
  34   2  28      5
   0   0   0      2
   9   0  18      1
   0  33   0      1
  24  24  24      5
   3   1   0      2
  35  35  35      5
  94 255  78      4
  53 239  49      4
 116 255  86      4
   2  13   1      2
  21  21  21      5
   3   1   0      2
   7   7   7      1
   0   0   0      2
  19   9  17      1
   9  11   9      1
   0   2  22      1
  47   0   0      1
  34  13  26      5
   5   5   5      2
   0   0   0      2
  31  13   1      1
   6   0   0      2
   2   2   2      2
   0  32  27      5
  21   0   6      1
 248 243  49      4
 255 255   0      4
 255 255   0      4
 248 251   0      4
   0   0   0      2
   2   2   2      2
   0   0   0      2
   0  29  27      5
 255  53  27      6
 231  47  18      6
  10   1   0      2
   8  19   5      1
 238   0   8      6
 255  57  24      6
   0   0   0      2
   4   4   4      2
   0   0   0      2
  47 229  29      4
  79 255  69      4
  34   0  11      1
  84 255  64      4
 101 255  77      4
  27   0   7      1
  20  20  20      5
   6   5   0      2
 251  68 255      3
 240  41 236      3
   0   0   0      2
  21  15   0      1
  12   0   4      1
 255  76 255      3
 221  18 225      3
   0   5   0      2
  35   3   2      1
  14  14  14      1
   0   0   0      2
   0   0   0      2
  15  10  31      5
   3   3   3      2
  32   0   0      1
   0   0   0      2
  14   0   0      1
  34   0  11      1
  29  29  29      5
  85 255  65      4
 122 255  91      4
  12  12  12      1
  91 255  61      4
  57 238  44      4
  19  23  14      5
   5   5   0      2
  29  29  29      5
  36   0   0      1
   8   0   0      2
   0   2   0      2
   0   0   0      2
   0   0   0      2
   0  31   0      1
  22  22  22      5
   0   0   0      2
   0  45  35      5
   0   7  13      1
  21  21  21      5
   0   0   0      2
   0   8   0      2
 255 255  65      4
 255 255  91      4
 255 255   0      4
 255 255  25      4
  39  25   0      5
  13   5  17      1
   0   0   0      2
   0  13  14      1
  22  22  22      5
 195   0   0      6
   6  10   7      1
   0   0   0      2
 237  24   3      6
   4   0   0      2
   1   1   1      2
   0   0   2      2
  20  20  20      5
  57 240  49      4
  67 242  48      4
   5   5   5      2
  53 224   8      4
 114 243  89      4
  13  18  21      5
  20   0   0      1
   0   1   0      2
 236  44 238      3
 226  35 233      3
   7   0  18      1
   0   0   0      2
  34  34  34      5
  14  14  14      1
 226  29 230      3
   0   0   0      2
  25  25  25      5
 220  58  24      6
 245  36   6      6
  19  19  19      5
   0   4   5      2
  38  15   0      1
   1   1   1      2
 230   1   0      6
   0   0   0      2
  21  23  20      5
   4   0   0      2
  76 254  66      4
  57 240  49      4
   0   0   0      2
 120 255 100      4
  75 244  62      4
   0   0   0      2
   0   0   1      2
   0   0   0      2
  21  21  21      5
   1   1   5      2
  23  26  25      5
   4  16   0      2
   0   0   0      2
  19   0   5      1
  33  33  33      5
   7   7   7      1
   9   9   9      1
   0  19  18      1
   0   0   0      2
  15  15  15      1
   9   4   7      1
 255 255   0      4
 239 244   0      4
 255 255   0      4
 255 255 114      4
  29  29  29      5
   0   4  12      2
   5   1   0      2
  14   0   0      1
  24  24  24      5
   0   9  11      1
   0   1   0      2
  24  24  24      5
   0   0   0      2
  21  23  32      5
   0  12   7      2
   0   0   0      2
 109 255  76      4
  66 243  50      4
  52 233  37      4
  82 251  58      4
  55 232  32      4
  88 255  62      4
 118 255  94      4
   0  27  29      5
  19  20  19      5
 255  86 255      3
 246  50 241      3
   5   0   2      2
  20  31  29      5
   0   0   0      2
   4   0  10      2
   0   0   0      2
  13   6  10      1
  30   0   9      1
 226  62  32      6
 248  16  22      6
   0  11  13      1
   0   0   0      2
  35   0   0      1
 246  46   0      6
 255  76  42      6
   0   7   0      2
  19  19  19      5
  31  24  28      5
   0   0   0      2
 112 255  83      4
  88 253  59      4
  81 255  68      4
  18   3   8      1
  20  14  42      5
   2   0   0      2
   0   9   6      2
  21   0   0      1
  12  11   7      1
  26   8   1      1
  12   0   0      2
   1   1   0      2
   1   2   4      2
   6   4   0      2
  24   0   0      1
  35   0   0      1
   0   0   0      2
  15  15  15      1
   0   0   0      2
   0   5   0      2
   0   0   0      2
 238 241   0      4
 255 255 100      4
  10   5   0      1
   0   0   0      2
   0  16   0      2
  12  12  12      1
   0  16   0      2
  22  22  22      5
  10   0   6      1
   7   7   7      1
   0  15   0      2
   0  10   9      2
  30  34  34      5
   0   0   0      2
  23  23  23      5
  22   5  36      5
 102 255  80      4
  91 255  63      4
   0   6   0      2
  97 255  75      4
  81 255  72      4
  21  26  23      5
  17  17  17      1
  22   0   0      1
   0   0   0      2
 255  77 255      3
 253  54 244      3
 243  46 239      3
 238  44 238      3
 211   0 212      3
  28  28  28      5
  23   3   0      1
  23  23  23      5
  11   7  17      1
   0   5  20      1
   0  25  22      5
  30  35  43      5
 237  26   0      6
 255  70  34      6
  20   0   0      1
   0   0   0      2
   0  28  25      5
   0   0   0      2
  83 253  62      4
  80 250  57      4
  68 251  64      4
   9   9   9      1
  81 248  53      4
 114 255  91      4
   0   0   8      2
   0   0   0      2
  21   0   9      1
   0   0   0      2
   0   0   0      2
   0   0   0      2
   0   0   0      2
   0   0   0      2
   8  17  15      1
  33  33  33      5
  26  26  26      5
   0   0   0      2
  23  23  23      5
  15   2   0      1
  19  22  32      5
  22  22  22      5
 255 253  63      4
 255 255   0      4
   0   0   0      2
   0   5  22      1
  25   0   0      1
   0   0   0      2
   0   5   0      2
   0   0   0      2
  32  32  32      5
  36  36  36      5
  11  14   0      1
   9   9   9      1
  21  21  21      5
   0   0   0      2
  26  26  26      5
  38   0   0      1
  88 248  49      4
 125 255  94      4
   0   0   0      2
  86 255  71      4
  33 234  45      4
   7   7   7      1
  35  23  19      5
   0   0   0      2
   0  12  19      1
   8   8   8      1
   0  15   7      1
   3   5   2      2
  21  21  21      5
 241  45 238      3
 255  62 249      3
  19  17  16      1
  17  17  17      1
  38  38  38      5
   0   0   0      2
   0   3   3      2
 255  75  40      6
 241  26   4      6
  22  22  22      5
   0   0   0      2
  38   0   0      1
  14   7   0      1
  95 255  59      4
  87 255  64      4
   0   0   0      2
  79 246  69      4
  85 255  64      4
  52 227  47      4
   6   6   6      1
  17  18  19      5
   0   0   0      2
  14  14  14      1
  39   0   0      1
   3   3   3      2
  32  32  32      5
   0  14   2      2
   0   0   0      2
  27  27  27      5
   0   0   0      2
   1   1   0      2
   0   3   3      2
   9  34  38      5
   0   0   0      2
   0  10  27      1
   0   0   0      2
 255 255   0      4
 218 224   0      4
   0   0   0      2
  34  34  34      5
   0   0   0      2
   0   0  34      1
  21   0   0      1
  29  29  29      5
   0  13   0      2
   0  25  16      1
   8   8   8      1
  12  12  12      1
   0  17  37      5
   0   0   0      2
   0   0   0      2
   4   0  11      1
 100 255  79      4
  96 255  74      4
   0  21   0      2
 110 255  79      4
 105 255  83      4
   8   8   8      1
   0  14   0      2
  14  14  14      1
  13   0   9      1
   0   0   9      2
  19  19  19      5
   0   7   0      2
   0   0  13      2
 234  86 231      3
 249  66 254      3
  14  12  11      1
   0  19   0      2
   0   0   0      2
  25   0   0      1
 245  33   7      6
 186  33  19      6
   0   0   0      2
  42  32  40      5
   4   0   9      2
   5   0  29      1
  13  13  13      1
  96 255  67      4
  70 249  60      4
   0   0   0      2
   0   0   0      2
  59 247  61      4
  54 237  44      4
   5   0   0      2
  28  28  28      5
   2   2   2      2
   0   7  28      1
  37   0   1      1
   3   3   3      2
  17   0   0      1
  29  11  14      1
  21   0   0      1
   0  12   0      2
   3   0   0      2
  12  12  12      1
  12   0   9      1
   0   0   0      2
  34  27   0      5
   0   0   0      2
   7   0   0      2
  28   0  17      1
   8   8   8      1
  30  34  32      5
   0   5  19      1
   9   9   9      1
   0   4   0      2
   5   5   5      2
   0   0   0      2
  35  18   0      1
   0   0   0      2
   7   0   0      2
   6  25  12      1
   0   0   0      2
   4   4   4      2
  28  10  18      5
  57 240  49      4
 114 254  94      4
  38 229  32      4
 114 255 100      4
  84 255  75      4
  37 221   8      4
  22 225  27      4
  24  24  24      5
   0   0   0      2
 255  72 255      3
  19  11  10      1
   0   0   0      2
   0   1   3      2
   0   0   0      2
 251  57 246      3
 255  79 255      3
   0   0   0      2
   0   0   0      2
   0   0   0      2
 230  10   0      6
 255  74  36      6
   0   4   0      2
  12  12  12      1
   2   5   1      2
   1   1   0      2
   0   0   0      2
   0   4   0      2
 108 255  88      4
  73 255  68      4
   6   0   0      2
   0  17  20      1
  61 240  47      4
 113 255  88      4
  29  29  29      5
   0  10   0      2
   9   0   0      2
   0  31  42      5
   2   0   0      2
  23  23  23      5
  25  25  25      5
  12  12  12      1
   0   0   0      2
  32   3   2      1
  15  15  15      1
   0   4   0      2
  39  39  39      5
   0   1   0      2
   3   3   3      2
  27   0   0      1
   0   9  28      1
 255 247  95      4
 255 255   0      4
   0   0   0      2
   0   0   0      2
   2   0   0      2
  26   0  15      1
   0   0   0      2
   0   8   0      2
   0   0   0      2
   0  22  21      1
  11   0  26      1
   0   0   0      2
   0  11  15      1
  37  42  40      5
  31   0   0      1
  30  37  32      5
   1 219  14      4
  56 236  42      4
   0   3   1      2
 117 255  93      4
  63 244  54      4
  16  16  16      1
   0   0   0      2
  31  37  33      5
 213  50 215      3
 255  85 255      3
   0   0   0      2
  22  22  22      5
   0   0   0      2
 252  65 253      3
 224   0 221      3
  10  10  10      1
   0  17   0      2
 240  16   8      6
 241  19   8      6
  13  13  13      1
  22   0   0      1
   0   0   0      2
 228   0   0      6
 249  38  14      6
   8   0  14      1
  38  10  18      5
   1 227  36      4
  26 231  41      4
  12  10  12      1
   0   0   0      2
  81 255  67      4
  42 233  40      4
   0   0   0      2
  17  17  17      1
   0   0   0      2
   0   0   0      2
  13  21  22      5
   0   8  15      1
   0   5   4      2
   0   0   0      2
  37  37  37      5
  11  11  11      1
   2   0   0      2
   0   0   0      2
   0  13   0      2
  20   0   0      1
  37   0   0      1
  23  27  34      5
   0   0   0      2
 247 247   0      4
 245 246  34      4
   0   1   0      2
   0   0   0      2
   0   0   0      2
   4   4   4      2
  29   0  31      5
   0   0   0      2
  22  22  22      5
  30  25  36      5
   0   0   0      2
   0   0   0      2
   0   2   0      2
   0  13   0      2
  26  26  26      5
   0   0   0      2
  70 248  57      4
 105 255  75      4
   0   0   0      2
 120 255  88      4
  60 241  49      4
   2   4   0      2
  32   0   0      1
  28  28  28      5
  18  22   7      1
 242  70 228      3
 212  31 214      3
 238  44 238      3
 211   0 211      3
 255  93 255      3
   1   1   1      2
  19  19  19      5
   4   0   0      2
 250  90  52      6
  20  20  20      5
  21  21  21      5
   1   0   0      2
  18   3  45      5
 212   0   0      6
 255  79  45      6
   0   0   0      2
   2   0   0      2
  16   7  33      5
  98 255  77      4
  46 239  51      4
  86 255  76      4
   8   8   8      1
  60 232  30      4
 108 255  84      4
   0   0   0      2
  42   0   0      1
   0   0   0      2
   4   0   0      2
  16   0   0      1
   0   0   0      2
   3   3   0      2
  20  20  20      5
  26  26  26      5
   0   0   0      2
  15   0   1      1
   0   7   2      2
   3   0   9      2
   0   0   0      2
   4   0   0      2
   0  17   9      1
   0   0   0      2
   0   1   0      2
   7   7   7      1
  25  25  25      5
   0   0   0      2
   5   5   5      2
   9   9   9      1
  20   0   0      1
  12  12  12      1
   0  15   0      2
   0  13  40      5
   0   0   0      2
   0   0   0      2
   2   0  29      1
   0   0   0      2
   0   0   0      2
  30  19  13      5
   0   6   0      2
  12   1   0      1
   0   0   0      2
   0  14  11      1
  26  24  16      5
  22  22  22      5
  11  11  11      1
   0   0   0      2
  17  17  17      1
   0   0   0      2
 227  14 224      3
 247  55 245      3
   0   4   4      2
  37  37  37      5
   0   5   0      2
   8   6   0      2
   8   8   8      1
  14   0   0      1
   0   0   0      2
  13   0  24      1
   0   6   2      2
   0   0   0      2
   0   0   0      2
  26   0   0      1
   0   0   0      2
   0   0   0      2
  32  31  25      5
   0   7  20      1
   0  15  12      1
   7   7   7      1
   0   3   0      2
   0   0   0      2
   5   5   5      2
   8   8   8      1
   0   8   0      2
   6   6   6      1
  19  26  23      5
   0   5   3      2
   0   0   0      2
   0   0   0      2
   8   8   8      1
   0   0   0      2
   0   0   0      2
   0   0   0      2
   0   0   0      2
   0   0   0      2
   8   8   8      1
  20  21  25      5
  40   0  10      1
   0   0  40      1
  29  29  29      5
   8   8   8      1
   0   0   0      2
   2   0   5      2
   0  10   0      2
  31  31  31      5
   0   0   0      2
   0   5   5      2
  36   0   0      1
  29  29  29      5
  15   0   7      1
   0   0   0      2
   9   9   9      1
   0   0   0      2
   2   2   2      2
   2   0   0      2
   0   0   0      2
  38   6   0      1
   0   0   0      2
  40  40  40      5
  19  19  19      5
   0  11   0      2
   0   0   0      2
   0  17   1      2
  23   0  15      1
 251  67 255      3
 240  50 242      3
   0   0   0      2
   0   6   0      2
   4   4   4      2
   0   0   0      2
   0  30  15      5
   0   0   0      2
  14   0   0      1
  29  29  29      5
   0   9  22      1
  25  25  25      5
  18  18  18      5
   0   0   0      2
  29  28  29      5
   0   0   0      2
   0   0   0      2
   0   0   0      2
   0   0   0      2
   8  12   8      1
   0   0   0      2
   0   0   0      2
  23   0   0      1
   0   6  14      1
  33  29  35      5
  27   9   0      1
  24  24  24      5
   0   3   8      2
  36   0  12      1
  18  15  23      5
  35  22  17      5
   0  17   0      2
   7   7   7      1
   0   0   0      2
   0   0   0      2
   0   0   0      2
   0  22  17      1
   0   0   0      2
   0   0   0      2
   4   0   0      2
   2   1   1      2
   0   7  13      1
  23   0   0      1
  26  15  23      5
   0   0   0      2
   0   0   0      2
   0   0   0      2
   0   0   0      2
  25   0  15      1
  20  20  20      5
   2   2   2      2
  24  24  24      5
  20  20  20      5
   0  37   0      1
   1   0   2      2
   0   0   0      2
  33  33  33      5
  31  43  29      5
  14  14  14      1
  11   2   0      2
   0   0   0      2
   2   2   2      2
   8   8   8      1
   0   0   0      2
  24  15  12      1
   0   0   0      2
   0   0   0      2
   0   0   0      2
  18  18  18      5
  17  17  17      1
  37  19  21      5
   0   3   0      2
  19  19  19      5
  31   0   0      1
   0   5  11      2
  36   0   0      1
   0   0   0      2
  12   0  15      1
   0  16   4      2
   0   0   0      2
  13  13  13      1
  16   0   0      1
   0   0  28      1
   1   0   0      2
   0   0   0      2
   0   0   0      2
   0   0   0      2
   0   0   0      2
  49  41  43      5
  14  15  43      5
   6   6   6      1
   0   1   0      2
  21  21  21      5
   5   3   0      2
   1   1   1      2
   0   0   0      2
   0  10   0      2
  15  15  15      1
   0   0   0      2
  25  25  25      5
   0  22  24      5
   0   2   5      2
  16  16  16      1
  24   0   0      1
   0  26  20      5
   0  10   0      2
  24   0  11      1
  15  13   1      1
   8   8   8      1
   0   0   0      2
  39   0   0      1
   0   0   0      2
   8   8   8      1
  26  26  26      5
  25  25  25      5
   0  13   0      2
   0   0   0      2
   0   0   0      2
  11   0   0      2
   0   1  26      1
   0   0   0      2
  23  23  23      5
   0   3  21      1
   0   4   0      2
   0  14  26      1
   3   3   3      2
  17  17  16      1
   4   1  11      1
  20   0   0      1
   1   1   1      2
  20  20  20      5
   0   3   7      2
   0   0   0      2
   7   7   7      1
   5   0   0      2
   0  12   9      1
  32  20   5      1
   3   3  24      1
   0   7  14      1
   7   7   7      1
   0  28  31      5
  17  17  17      1
  36  13   5      1
   0   0   0      2
   0   8   0      2
   0   0   0      2
  23   0  36      5
   0   0   0      2
   5   5   5      2
   2   4   0      2
   0  22  20      1
  16   5  10      1
   0   0   0      2
  17  17  17      1
  23  17  18      5
  19  19  19      5
   0   2  14      2
   0   1   9      2
  16   0   7      1
   0   0   0      2
  20  20  20      5
  24  24  24      5
  14  14  14      1
  24  24  24      5
  22   0  29      1
   0   3   0      2
   0   0   0      2
   9   0   0      2
   0  11   3      2
  24  24  24      5
  20  20  20      5
   0   0   0      2
  17  17  17      1
   4   4   4      2
  36  32  29      5
  27  27  27      5
  10  10  10      1
  25  16   0      1
  29  29  29      5
  14  14  14      1
  10   0  27      1
   0   0   0      2
   7   0   0      2
  24  24  24      5
  30   0   0      1
   0   0   0      2
  12  23   0      1
   8   0   0      2
   0   0   5      2
   6   6   6      1
   0   0   0      2
  17  17  17      1
   3  29   0      1
   0   0   0      2
   0   0   0      2
   0   0   0      2
  33  17  26      5
  11  11  11      1
  10  10  10      1
  14  14  14      1
  10  20  17      1
  24  24  24      5
   0   0   0      2
   0   0   0      2
  54  22   2      5
  25  25  25      5
  26  26  26      5
   0   0   0      2
   0   0   0      2
  21  23  19      5
   1   1   1      2
   4   4   4      2
  19  19  19      5
   0  20   0      2
   0   0   0      2
   7   7   7      1
   0   0   0      2
   0   0   0      2
   0   0   0      2
   0   0   0      2
  19  19  19      5
   1   0   0      2
  27  27  27      5
   1   0  21      1
   8  11  26      1
   3   3   3      2
   0   0   0      2
   3   3   3      2
   0   4   1      2
   7   7   7      1
   7  15   4      1
   0   0   0      2
  33  33  33      5
   9   0   0      2
   0   0   0      2
   4   0   1      2
   0   2   5      2
  17  17  17      1
   7   0   0      2
   0  21  24      5
  15  14  14      1
   0   0   0      2
   4  25  24      5
  38  38  38      5
  13  18  17      1
   2   2   2      2
  14  14  14      1
   0   0   0      2
  24  24  24      5
   0   6  11      2
   0   0   0      2
   0   0   0      2
  29   0  34      5
  14  11  23      1
   3   3   3      2
  11  11  11      1
  14   0   0      1
  17  17  17      1
   0   0   0      2
  15  11   8      1
   0   0   0      2
   0   0   0      2
   6   0   0      2
   0   0   0      2
   0  13   0      2
   0   0   0      2
  41  41  41      5
   6   5   4      2
   5   0   0      2
  21  21  21      5
  15  15  15      1
   0  12   1      2
  26   0   0      1
  16  19  20      5
   0  17  20      1
  28  28  28      5
   0   0   0      2
   0   0   0      2
  38  38  38      5
   0  24  22      5
  19  19  19      5
   0   0   0      2
  16  14   0      1
  23   0   6      1
   0   0   0      2
  21  26  30      5
   0   0   0      2
   4   4   4      2
   0   9  27      1
   0   0   0      2
   0   0   0      2
  31  19  23      5
  16  16  16      1
   6   6   6      1
   5   0   2      2
   0   0   0      2
   0   0   0      2
  30  12  45      5
 251  49 241      3
   0   0   0      2
   4   4   4      2
   0   0   0      2
  14  14  14      1
  14  18  18      1
  73 248  56      4
  98 255  85      4
  19 216   0      4
  73 249  59      4
 117 255  93      4
  49 233  37      4
  11  11  11      1
   6   6   6      1
  13  13  13      1
   5   0   0      2
   0   0   0      2
 244  19  14      6
 255  51  33      6
 221   0   0      6
 242  56  31      6
   0   0   0      2
   0   0   0      2
   1   0   0      2
  22  15 189      3
  80  44 221      3
  85  49 226      3
  76  39 216      3
  48  21 196      3
  18   0   0      1
   8   8   8      1
   0   0   0      2
  20  20  20      5
 217 223   0      4
 255 255  38      4
 249 252   0      4
 224 227   0      4
 255 255  78      4
 255 255  58      4
 255 255  34      4
  17  17  17      1
   9   9   9      1
  90 247  64      4
  64 240  46      4
  95 255  84      4
  95 255  93      4
  41 230  34      4
  80 255  69      4
  63 240  45      4
  11  11  11      1
  21  21  21      5
  17   0  19      1
  41   0   0      1
   0   0   0      2
 254 255  47      4
 220 227   0      4
 220 223   0      4
 255 255 109      4
 255 255   0      4
   0   0   0      2
   0   0   0      2
   1   1   0      2
   8   0   0      2
   6   0   5      2
 231  25 228      3
 255  88 255      3
 240  72 240      3
   4   0  15      1
   0   9  28      1
   0   0   0      2
   0   0   0      2
   0   0   0      2
  27 221  15      4
 113 255  83      4
   0   0   0      2
   7   7   7      1
  77 250  59      4
  62 244  54      4
   0  12   0      2
   0   1   4      2
   0   0   0      2
 245  31   8      6
 246  28  13      6
   0   0   0      2
  16  16  16      1
 255  61  32      6
 199   0   0      6
  17  14  15      1
  32  32  32      5
   0   2   0      2
  44  18 193      3
  48  16 193      3
   0   2  16      1
 118  76 255      3
  70  34 210      3
  31   0   0      1
   0   0   0      2
   0   0   0      2
   0   8   0      2
 234 235  64      4
 243 255   0      4
  26   0   0      1
   0   0   0      2
 255 255   0      4
 255 255 130      4
   0   0   0      2
  28  26  25      5
  19  28  32      5
  83 239  58      4
  51 237  45      4
   1  37  10      5
  13  13  13      1
  87 254  61      4
  67 243  49      4
   0   0   0      2
   0   0   0      2
  28  26  32      5
   0   0   0      2
 208 210   0      4
 255 255  60      4
   0   0   0      2
   0   0   0      2
   2   0   2      2
 255 255   0      4
 255 255   0      4
  31  31  31      5
   0   0   0      2
   0   0   0      2
 255  59 247      3
 234  31 230      3
   0   0   0      2
 219   0 216      3
 237  42 237      3
   0   0   3      2
   0  23  26      5
  17   0   0      1
   0  13   0      2
 101 255  73      4
  85 255  80      4
   0   0  11      2
  32   0  27      5
  73 253  65      4
  78 251  60      4
   7   0   0      2
   1   0   0      2
 247  43   4      6
 255  83  47      6
   0   0   0      2
   0   0   0      2
   5   5   5      2
  22  22  22      5
 255  45  19      6
   0   0   0      2
  11  29  34      5
   0   4  19      1
  50  15 193      3
 106  65 244      3
   0   0   0      2
   0   0   0      2
  71  42 218      3
  60  30 205      3
   0   0   0      2
   0  12  16      1
   7   7   7      1
 255 255   0      4
 255 255   0      4
   0   0   0      2
  14  14  14      1
   9   0  11      1
 249 247   0      4
   0   0   0      2
   9   0   0      2
   0   0   0      2
  72 248  57      4
  95 255  78      4
   1   1   1      2
   0   0  24      1
   8   8   8      1
 106 255  82      4
   0   0   0      2
   7  23  16      1
   6   6   6      1
  31  31  31      5
 242 239  15      4
 236 237   0      4
   0   3   0      2
  24  24  24      5
   0   3   5      2
 252 249   0      4
 223 230   0      4
   0   4   0      2
   0   0   0      2
 201   0 203      3
 218   0 219      3
   0   2   2      2
  15  18  14      1
   0   0   0      2
 245  61 250      3
 234  38 234      3
   0   0   0      2
  16  16  16      1
  13  13  13      1
  64 240  47      4
  85 255  83      4
  31  31  31      5
  18   0  12      1
 122 255  99      4
  23 213   0      4
   0  16   0      2
  10   0  16      1
 254  46  16      6
 246  39  16      6
  32  26  23      5
   0   0   0      2
  30  30  30      5
   0   2  24      1
   2   0   0      2
   0   0   0      2
   0   0   0      2
  22  32  35      5
   0   0 163      5
  89  53 230      3
   0   3  22      1
   6   6   6      1
   0   4 179      5
  53  40 213      3
  36  36  36      5
  21   0   0      1
   0   3   3      2
 241 247   0      4
 249 251   0      4
  37  37  37      5
 255 255   0      4
  28   0   0      1
  19   0   0      1
   5   0   0      2
   0  25   9      1
   0   5   0      2
 105 255  79      4
  89 240  62      4
   0  25  29      5
  96 255  76      4
   0   0   0      2
  20   2   7      1
  26   0   0      1
   0   0   0      2
   0   0   0      2
   0   0   0      2
 252 251   0      4
 247 242   0      4
   0  13  35      5
 251 250  82      4
 255 255   0      4
 255 255   1      4
 255 255   0      4
   0  17  29      5
  15  15  15      1
 237  38 234      3
 210   0 205      3
   0   9   0      2
   0   0   0      2
   0   0   0      2
 255  91 255      3
 244  57 243      3
   0  12  26      1
   1   1   1      2
   0   5   3      2
  76 251  60      4
 131 255 103      4
  78 251  60      4
 137 255 115      4
 116 255  98      4
   0   0   0      2
  26   0   0      1
  29   0  22      1
 225  35  13      6
 253  44  17      6
  29  29  29      5
   2   2   0      2
   0   1   0      2
   0   0   0      2
   0   0   0      2
   0  12   0      2
  14  14  14      1
  40  40  40      5
  65  30 200      3
  71  34 210      3
  17  17  17      1
   0   0   0      2
  57  21 198      3
  54  31 205      3
   3   0   1      2
  20   0   0      1
   2  14  20      1
 255 255  51      4
 255 255   0      4
 255 255   0      4
 255 255   0      4
   0   4   2      2
   0   0   0      2
   0   0   0      2
  19   0   4      1
  23  23  23      5
  67 255  75      4
  56 234  38      4
  76 245  49      4
 101 255  69      4
   0   0   0      2
   0   0   0      2
   0   0   0      2
  42  22  37      5
  12   6  30      1
  38  16   0      1
 254 255   0      4
 246 241   0      4
   3   0   0      2
 251 255   0      4
 230 240   0      4
 255 255  35      4
 248 249   0      4
   0   0   0      2
   0   0   0      2
 229  14 224      3
 246  40 235      3
 255  85 255      3
 254  62 250      3
 250  61 250      3
 235  38 234      3
 255  87 255      3
   0   0   0      2
   0   4   3      2
  18  18  18      5
  99 255  88      4
  96 255  66      4
   0   0   0      2
   4   4   4      2
  80 249  55      4
  80 246  49      4
   0   0   0      2
   0   0   0      2
 236  64  35      6
 244  31   6      6
   2   0   0      2
  15   0   0      1
  16  16  16      1
   0   0   0      2
   0   0   0      2
   0   0   0      2
  34  33  31      5
  20  19  34      5
  74  34 211      3
  71  37 213      3
   6   6   6      1
   0   0   0      2
  59  32 206      3
  69  47 222      3
  28  28  28      5
   0   9   9      2
   0   8   0      2
 237 243   0      4
 252 255   0      4
  14  14  14      1
 255 255  65      4
  14  14  14      1
   0   0   0      2
   3   3   3      2
  36  36  36      5
   7  22  17      1
  79 250  57      4
  89 255  68      4
  29  19  25      5
   0 209   0      4
  23  23  23      5
   0   2   5      2
   0   0   0      2
  11  11  11      1
  25  25  25      5
   0   4  15      1
 254 252   0      4
 255 255  85      4
   4   7   7      1
 251 252   0      4
 238 235  39      4
 249 245  61      4
 228 237   0      4
   8   8   8      1
   0   0   0      2
 255  69 255      3
 255  75 255      3
  13   0   0      1
   0  19   0      2
  24   0   0      1
 233  31 231      3
 236  42 237      3
  35  35  35      5
  26  26  26      5
  26   0   3      1
 131 255  94      4
  56 238  45      4
  20  20  20      5
  17  17  17      1
  67 244  52      4
 116 255 102      4
   0   0   0      2
   0   0   0      2
 255  57  36      6
 222   0   0      6
   0   0   0      2
   6   0   3      2
  21  21  21      5
  18  18  18      5
  26   0   0      1
   0   0   0      2
   0   0   0      2
   0   2   0      2
 113  61 241      3
  77  47 223      3
   9   9   9      1
   7   7   7      1
  44  38 210      3
  61  37 212      3
   0   0   0      2
   8   0   0      2
   0  14   0      2
 255 255   6      4
 255 255   0      4
  47  29  45      5
  17  19  21      5
   0  22  18      1
   0   2  10      2
   0   0   0      2
   3   3   3      2
  46  21  32      5
 115 255  83      4
  45 236  46      4
  10  10  10      1
   0   2  26      1
   0   0   2      2
   4   4   4      2
  18  18  18      5
   0   0   0      2
   0   3  24      1
   0   0   0      2
 228 231   0      4
 249 242   0      4
   0   0   0      2
 255 255   0      4
 234 243   0      4
 255 255  72      4
   4   6   0      2
   0   0   0      2
   0  11  26      1
 251  66 253      3
 254  71 255      3
  19  19  19      5
   0   0   0      2
   0   5  12      2
 239  52 243      3
 255  63 250      3
  31   5  14      1
   0   6  20      1
   0   0   0      2
  59 242  51      4
  98 255  67      4
   3   0   0      2
  26  20  31      5
  52 234  39      4
 129 255  95      4
   0  16  25      1
  33  33  31      5
 243  30   6      6
 216   0   0      6
  15  19  18      5
   0  13   1      2
  27  27  27      5
   0   0   0      2
 255  50  23      6
   0   0   0      2
   0   0   0      2
   6   6   6      1
  34  26 198      3
  78  47 223      3
  31  33  11      5
  33  33  16      5
  49  18 194      3
 115  62 242      3
   0   0   0      2
   8   8   8      1
  19   0  12      1
 243 247   0      4
 255 255   0      4
   9   0   0      2
   1   0   0      2
   0   0   0      2
 245 252   0      4
   0   0   0      2
  31  31  31      5
   0   0   0      2
   0 215   2      4
 117 255  87      4
   0  25  29      5
   0   0   3      2
  23  18  19      5
   8   2   3      2
   5  10   0      2
   4   0   0      2
   0   0   0      2
   0  15   3      2
 255 255   0      4
 255 255   0      4
  21  21  21      5
  27  23   0      1
   0   5   3      2
  39   0  25      5
  39  10  22      5
   0   0   0      2
   0   0   0      2
 255 123 255      3
 229  15 225      3
  11  11  11      1
  29  29  29      5
   0   1   7      2
 255  71 255      3
 230  42 237      3
  16  17  14      1
   0  26  37      5
   0   4   2      2
  82 252  59      4
 130 255  94      4
   0   3   0      2
   8   8   8      1
  67 245  54      4
 102 255  73      4
   3   1   0      2
   3   8   0      2
  13   4   0      1
 250  72  40      6
 255  48  31      6
  22  22  22      5
   0   0   0      2
 237  49  25      6
 236  51  24      6
  24  24  24      5
   0   6   0      2
   0   0   0      2
  75  32 209      3
  58  28 203      3
   0  20  34      5
  81  51 228      3
  39  34 206      3
   0   0   0      2
  13  13  13      1
   0   0   0      2
   0   2   3      2
 255 255   0      4
 248 251   0      4
   0   0   0      2
  10  10  10      1
 252 249 102      4
 246 244  35      4
   0   3   0      2
  11  13   4      1
   0  33  15      5
  81 253  61      4
  41 226  24      4
  43   8  27      5
   2   4   0      2
   0   0   0      2
  21  21  21      5
  26  25  23      5
  22  22  25      5
   0   0   0      2
   7   0  23      1
   0   0   0      2
 251 252   0      4
 238 241   0      4
 246 246  20      4
 255 255  25      4
 255 255  99      4
   9   3   0      2
   0   0   0      2
  26   0   0      1
 253  64 252      3
 255  84 255      3
  22  21  20      5
   8   0   0      2
   4   0   3      2
 255  70 255      3
 248  58 247      3
   0   0   0      2
   0   0   0      2
 106 255  68      4
  15 224  26      4
 130 255  94      4
  39 228  31      4
  70 244  51      4
  95 255  69      4
  15   0   0      1
   3   7   0      2
  17  17  17      1
  32  32  32      5
   0   0   0      2
 255  49  22      6
 255  60  30      6
 252  36  20      6
 255  61  17      6
   0   3   0      2
  33  28  21      5
  25  25  25      5
  84  57 234      3
  64  35 210      3
  60  33 208      3
  62  33 208      3
  41  13 190      3
   0   1  10      2
   3   6   0      2
  23  23  23      5
   0  21  13      1
 252 250  37      4
 246 248   0      4
 255 255  89      4
 255 255  75      4
 255 255 125      4
 255 255   0      4
 239 239   0      4
   0   0   0      2
   9   6   4      1
  55 235  40      4
   0 219  18      4
  59 239  46      4
 103 255  89      4
  20   3  16      1
   9   9   9      1
   0   0   0      2
   0   0   0      2
   0   5   0      2
  14  14  14      1
   0   0   0      2
   1   0  31      1
   2   0   0      2
   4   4   4      2
   0   8   0      2
   0   0   0      2
   0   0   0      2
   0  16   0      2
   9   0   0      2
   0   6  32      1
  40  20  28      5
   0   1   5      2
   3   0  12      1
  33  33  33      5
  30  31  31      5
  31  12  17      5
   0   0   0      2
   0  21   0      2
  16  16  16      1
   1   0  10      2
   0   0   0      2
   0   0   0      2
   4   4   4      2
  25  25  25      5
   0   0   0      2
   7   7   7      1
   0  13  18      1
   0   0   0      2
  19   0   1      1
  13  22  33      5
   0   0   0      2
   0   4  17      1
   0   0   0      2
   0  17   0      2
  32   0   0      1
   0   4   7      2
   4   0  24      1
   0   0   0      2
  27   2  17      1
   0   5  28      1
  18  15  23      5
   0   0   0      2
   0   0   0      2
   0   0   0      2
  12   0  13      1
  17  17  17      1
   0   3   7      2
   5   0   0      2
   0   0   0      2
   0   0   0      2
   5   5   5      2
   9   9   9      1
   6  16  12      1
  15   0   0      1
  36  21   0      1
   5  19  23      5
   0   0   0      2
   0   8   0      2
   0   6   0      2
   0  11  28      1
  27  27  27      5
   7   7   7      1
   0   7   0      2
   0   1   8      2
  12   4  28      1
   0   0   0      2
  21  21  21      5
   4   4   4      2
  21  21  21      5
   4   0   0      2
  23   0   0      1
   0  21  45      5
  22   1  38      5
   0  21  27      5
   4   4   4      2
  13  13  13      1
   5   5   5      2
   0   0   0      2
   0   0   0      2
  15  15  15      1
   0  19   0      2
   0  27  36      5
  10   0   8      1
   9   9   9      1
   0   2  31      1
   0   0  11      2
  30   0   8      1
  22   0  23      1
   0   0   0      2
   0   0   0      2
  20  24  16      5
   0   0   0      2
  16  16  17      1
   0   7   0      2
  43  28  20      5
  13  13  13      1
   0   0   0      2
  18  18  18      5
   5   0   0      2
   0   0   0      2
   4   0   0      2
   0   3   3      2
  26   0  29      5
   0  17  26      1
  13   0  16      1
  29   0  31      5
  12   0   0      2
   0   0   0      2
   2   1   0      2
   0   0   0      2
   0   0  23      1
  18  18  18      5
   0   0   0      2
   0   5  19      1
  20   7  17      1
  30   0   0      1
   0   0   0      2
   0   0   0      2
  14  14  14      1
  14  14  14      1
  23  30  29      5
  26  31  24      5
   0   0   0      2
  12  12  15      1
  16  22   1      1
   0   0   0      2
   0  14  17      1
   0  15   0      2
   0   0   0      2
  35  14  25      5
   0   0   0      2
   0   0   0      2
  16   0  16      1
  18   0   0      1
  22  22  22      5
   0   6  28      1
  23  13  19      5
   0   3  19      1
   0  14   0      2
  19  19  19      5
  30  30  30      5
   0   5   0      2
  12  12  12      1
   0   0   0      2
   0   0   0      2
   0   0   0      2
   2   2   2      2
   2   2   2      2
   1   1   1      2
   0   0   0      2
   0   0   0      2
   0   9  31      1
  35  35  35      5
   5   0   7      2
   0   3   0      2
   0   1   1      2
   0   0   0      2
  13  13  13      1
   0   0   0      2
   2   2   2      2
   0  28  39      5
   0   0   0      2
  11  11   2      1
  10   9   8      1
  22  26  21      5
   8   7   8      1
  13  13  13      1
  51   0  19      5
  33  15   4      1
  33   0   0      1
  25  13   3      1
   0  12   0      2
  18  18  18      5
   0  18  41      5
   0   0   0      2
  19  19  19      5
  34   0  13      1
  25  25  25      5
  30   0   0      1
   0   0   0      2
  29  29  29      5
   0   0  21      1
  26  26  26      5
   8   8   8      1
   6   6   6      1
   0   0  24      1
  20   0  27      1
  26  20  32      5
   1   1   1      2
   0   0  34      1
   0   0   0      2
  28   0   0      1
   0   0   0      2
  24  26  24      5
