           3
  1.011E+00  -1.986E-01
 -9.171E-01   2.844E-01
 -9.379E-02  -8.578E-02
  1.041E+00  -1.527E-01
 -8.506E-01   3.200E-01
 -1.906E-01  -1.673E-01
  1.062E+00  -1.061E-01
 -7.696E-01   3.460E-01
 -2.927E-01  -2.399E-01
  1.075E+00  -5.942E-02
 -6.751E-01   3.578E-01
 -4.002E-01  -2.984E-01
  1.081E+00  -1.269E-02
 -5.702E-01   3.508E-01
 -5.106E-01  -3.381E-01
  1.079E+00   3.403E-02
 -4.601E-01   3.225E-01
 -6.191E-01  -3.566E-01
  1.070E+00   8.076E-02
 -3.505E-01   2.738E-01
 -7.199E-01  -3.545E-01
  1.054E+00   1.274E-01
 -2.454E-01   2.082E-01
 -8.084E-01  -3.356E-01
  1.029E+00   1.738E-01
 -1.459E-01   1.309E-01
 -8.828E-01  -3.047E-01
  9.937E-01   2.192E-01
 -5.080E-02   4.690E-02
 -9.430E-01  -2.661E-01
  9.475E-01   2.625E-01
  4.258E-02  -3.939E-02
 -9.902E-01  -2.231E-01
  8.885E-01   3.016E-01
  1.374E-01  -1.238E-01
 -1.026E+00  -1.778E-01
  8.155E-01   3.334E-01
  2.364E-01  -2.018E-01
 -1.052E+00  -1.315E-01
  7.281E-01   3.535E-01
  3.411E-01  -2.686E-01
 -1.069E+00  -8.487E-02
  6.283E-01   3.572E-01
  4.504E-01  -3.191E-01
 -1.079E+00  -3.814E-02
  5.203E-01   3.406E-01
  5.607E-01  -3.492E-01
 -1.081E+00   8.573E-03
  4.098E-01   3.027E-01
  6.663E-01  -3.580E-01
 -1.076E+00   5.529E-02
  3.019E-01   2.457E-01
  7.619E-01  -3.477E-01
 -1.064E+00   1.020E-01
  1.994E-01   1.742E-01
  8.441E-01  -3.227E-01
 -1.044E+00   1.486E-01
  1.022E-01   9.323E-02
  9.119E-01  -2.878E-01
 -1.014E+00   1.946E-01
  8.295E-03   7.656E-03
  9.660E-01  -2.469E-01
 -9.744E-01   2.392E-01
 -8.533E-02  -7.829E-02
  1.008E+00  -2.026E-01
 -9.227E-01   2.809E-01
 -1.817E-01  -1.604E-01
  1.039E+00  -1.568E-01
 -8.574E-01   3.172E-01
 -2.832E-01  -2.340E-01
  1.061E+00  -1.103E-01
 -7.778E-01   3.442E-01
 -3.902E-01  -2.940E-01
  1.075E+00  -6.354E-02
 -6.845E-01   3.575E-01
 -5.006E-01  -3.356E-01
  1.081E+00  -1.682E-02
 -5.804E-01   3.524E-01
 -6.095E-01  -3.560E-01
  1.080E+00   2.990E-02
 -4.705E-01   3.261E-01
 -7.111E-01  -3.558E-01
  1.072E+00   7.662E-02
 -3.607E-01   2.791E-01
 -8.009E-01  -3.383E-01
  1.056E+00   1.233E-01
 -2.551E-01   2.150E-01
 -8.765E-01  -3.083E-01
  1.031E+00   1.697E-01
 -1.551E-01   1.386E-01
 -9.380E-01  -2.702E-01
  9.974E-01   2.152E-01
 -5.970E-02   5.501E-02
 -9.864E-01  -2.276E-01
  9.524E-01   2.588E-01
  3.370E-02  -3.123E-02
 -1.023E+00  -1.824E-01
  8.946E-01   2.984E-01
  1.283E-01  -1.160E-01
 -1.050E+00  -1.362E-01
  8.229E-01   3.310E-01
  2.268E-01  -1.948E-01
 -1.068E+00  -8.955E-02
  7.369E-01   3.524E-01
  3.309E-01  -2.629E-01
 -1.078E+00  -4.283E-02
  6.381E-01   3.579E-01
  4.399E-01  -3.150E-01
 -1.081E+00   3.892E-03
  5.306E-01   3.433E-01
  5.503E-01  -3.472E-01
 -1.077E+00   5.062E-02
  4.201E-01   3.073E-01
  6.566E-01  -3.580E-01
 -1.065E+00   9.734E-02
  3.118E-01   2.520E-01
  7.533E-01  -3.493E-01
 -1.046E+00   1.439E-01
  2.087E-01   1.816E-01
  8.368E-01  -3.255E-01
 -1.017E+00   1.901E-01
  1.111E-01   1.013E-01
  9.059E-01  -2.914E-01
 -9.786E-01   2.349E-01
  1.695E-02   1.595E-02
  9.612E-01  -2.508E-01
 -9.279E-01   2.770E-01
 -7.659E-02  -7.015E-02
  1.004E+00  -2.068E-01
 -8.640E-01   3.139E-01
 -1.727E-01  -1.528E-01
  1.036E+00  -1.611E-01
 -7.857E-01   3.420E-01
 -2.737E-01  -2.274E-01
  1.059E+00  -1.146E-01
 -6.935E-01   3.568E-01
 -3.803E-01  -2.889E-01
  1.073E+00  -6.788E-02
 -5.901E-01   3.535E-01
 -4.905E-01  -3.323E-01
  1.080E+00  -2.115E-02
 -4.804E-01   3.292E-01
 -5.998E-01  -3.547E-01
  1.080E+00   2.556E-02
 -3.704E-01   2.839E-01
 -7.024E-01  -3.562E-01
  1.072E+00   7.229E-02
 -2.642E-01   2.210E-01
 -7.934E-01  -3.400E-01
  1.057E+00   1.190E-01
 -1.637E-01   1.455E-01
 -8.704E-01  -3.109E-01
  1.034E+00   1.654E-01
 -6.800E-02   6.234E-02
 -9.331E-01  -2.734E-01
  1.001E+00   2.111E-01
  2.546E-02  -2.385E-02
 -9.826E-01  -2.310E-01
  9.566E-01   2.549E-01
  1.198E-01  -1.089E-01
 -1.020E+00  -1.860E-01
  9.001E-01   2.949E-01
  2.179E-01  -1.885E-01
 -1.048E+00  -1.398E-01
  8.296E-01   3.283E-01
  3.215E-01  -2.577E-01
 -1.067E+00  -9.320E-02
  7.448E-01   3.509E-01
  4.302E-01  -3.114E-01
 -1.078E+00  -4.647E-02
  6.470E-01   3.579E-01
  5.407E-01  -3.454E-01
 -1.081E+00   2.501E-04
  5.401E-01   3.452E-01
  6.476E-01  -3.580E-01
 -1.078E+00   4.697E-02
  4.296E-01   3.111E-01
  7.453E-01  -3.509E-01
 -1.067E+00   9.370E-02
  3.210E-01   2.572E-01
  8.300E-01  -3.283E-01
 -1.048E+00   1.403E-01
  2.174E-01   1.879E-01
  9.004E-01  -2.948E-01
 -1.020E+00   1.865E-01
  1.193E-01   1.084E-01
  9.569E-01  -2.548E-01
 -9.825E-01   2.315E-01
  2.501E-02   2.330E-02
  1.001E+00  -2.110E-01
 -9.330E-01   2.738E-01
 -6.845E-02  -6.288E-02
  1.034E+00  -1.653E-01
 -8.703E-01   3.113E-01
 -1.642E-01  -1.460E-01
  1.057E+00  -1.189E-01
 -7.933E-01   3.403E-01
 -2.647E-01  -2.215E-01
  1.072E+00  -7.218E-02
 -7.023E-01   3.565E-01
 -3.708E-01  -2.843E-01
  1.080E+00  -2.546E-02
 -5.998E-01   3.549E-01
 -4.808E-01  -3.295E-01
  1.080E+00   2.126E-02
 -4.905E-01   3.325E-01
 -5.904E-01  -3.538E-01
  1.073E+00   6.798E-02
 -3.803E-01   2.891E-01
 -6.937E-01  -3.571E-01
  1.059E+00   1.147E-01
 -2.738E-01   2.276E-01
 -7.859E-01  -3.423E-01
  1.036E+00   1.612E-01
 -1.728E-01   1.531E-01
 -8.642E-01  -3.142E-01
  1.004E+00   2.069E-01
 -7.678E-02   7.043E-02
 -9.281E-01  -2.774E-01
  9.613E-01   2.510E-01
  1.674E-02  -1.565E-02
 -9.787E-01  -2.353E-01
  9.060E-01   2.915E-01
  1.108E-01  -1.010E-01
 -1.018E+00  -1.905E-01
  8.369E-01   3.256E-01
  2.085E-01  -1.812E-01
 -1.046E+00  -1.444E-01
  7.534E-01   3.494E-01
  3.115E-01  -2.516E-01
 -1.066E+00  -9.781E-02
  6.567E-01   3.581E-01
  4.198E-01  -3.070E-01
 -1.077E+00  -5.110E-02
  5.504E-01   3.474E-01
  5.303E-01  -3.430E-01
 -1.081E+00  -4.378E-03
  4.400E-01   3.153E-01
  6.378E-01  -3.576E-01
 -1.079E+00   4.234E-02
  3.310E-01   2.631E-01
  7.366E-01  -3.522E-01
 -1.068E+00   8.906E-02
  2.269E-01   1.951E-01
  8.226E-01  -3.308E-01
 -1.050E+00   1.357E-01
  1.283E-01   1.162E-01
  8.944E-01  -2.982E-01
 -1.023E+00   1.819E-01
  3.376E-02   3.148E-02
  9.521E-01  -2.586E-01
 -9.866E-01   2.271E-01
 -5.963E-02  -5.479E-02
  9.971E-01  -2.150E-01
 -9.383E-01   2.698E-01
 -1.550E-01  -1.384E-01
  1.031E+00  -1.695E-01
 -8.768E-01   3.078E-01
 -2.550E-01  -2.148E-01
  1.055E+00  -1.231E-01
 -8.012E-01   3.379E-01
 -3.606E-01  -2.791E-01
  1.071E+00  -7.638E-02
 -7.114E-01   3.554E-01
 -4.705E-01  -3.261E-01
  1.079E+00  -2.965E-02
 -6.098E-01   3.557E-01
 -5.803E-01  -3.524E-01
  1.080E+00   1.707E-02
 -5.008E-01   3.353E-01
 -6.845E-01  -3.575E-01
  1.074E+00   6.380E-02
 -3.905E-01   2.937E-01
 -7.779E-01  -3.443E-01
  1.060E+00   1.105E-01
 -2.834E-01   2.338E-01
 -8.575E-01  -3.172E-01
  1.038E+00   1.570E-01
 -1.819E-01   1.602E-01
 -9.227E-01  -2.810E-01
  1.007E+00   2.029E-01
 -8.544E-02   7.807E-02
 -9.745E-01  -2.393E-01
  9.654E-01   2.471E-01
  8.220E-03  -7.877E-03
 -1.014E+00  -1.946E-01
  9.113E-01   2.880E-01
  1.022E-01  -9.344E-02
 -1.044E+00  -1.486E-01
  8.434E-01   3.229E-01
  1.994E-01  -1.743E-01
 -1.064E+00  -1.020E-01
  7.612E-01   3.478E-01
  3.020E-01  -2.458E-01
 -1.076E+00  -5.531E-02
  6.655E-01   3.581E-01
  4.099E-01  -3.028E-01
 -1.081E+00  -8.580E-03
  5.599E-01   3.492E-01
  5.204E-01  -3.406E-01
 -1.079E+00   3.814E-02
  4.496E-01   3.189E-01
  6.285E-01  -3.571E-01
 -1.069E+00   8.487E-02
  3.403E-01   2.684E-01
  7.282E-01  -3.533E-01
 -1.052E+00   1.315E-01
  2.357E-01   2.015E-01
  8.155E-01  -3.331E-01
 -1.026E+00   1.778E-01
  1.367E-01   1.234E-01
  8.885E-01  -3.013E-01
 -9.903E-01   2.231E-01
  4.185E-02   3.901E-02
  9.475E-01  -2.622E-01
 -9.430E-01   2.661E-01
 -5.153E-02  -4.729E-02
  9.936E-01  -2.189E-01
 -8.828E-01   3.047E-01
 -1.466E-01  -1.313E-01
  1.028E+00  -1.734E-01
 -8.084E-01   3.356E-01
 -2.461E-01  -2.086E-01
  1.054E+00  -1.271E-01
 -7.198E-01   3.545E-01
 -3.513E-01  -2.741E-01
  1.070E+00  -8.043E-02
 -6.191E-01   3.564E-01
 -4.609E-01  -3.228E-01
  1.079E+00  -3.370E-02
 -5.106E-01   3.379E-01
 -5.710E-01  -3.510E-01
  1.081E+00   1.301E-02
 -4.001E-01   2.981E-01
 -6.760E-01  -3.579E-01
  1.075E+00   5.973E-02
 -2.926E-01   2.396E-01
 -7.704E-01  -3.460E-01
  1.062E+00   1.064E-01
 -1.906E-01   1.669E-01
 -8.513E-01  -3.200E-01
  1.041E+00   1.530E-01
 -9.384E-02   8.539E-02
 -9.178E-01  -2.843E-01
  1.011E+00   1.989E-01
 -8.905E-05  -3.843E-04
 -9.707E-01  -2.430E-01
  9.697E-01   2.434E-01
  9.367E-02  -8.615E-02
 -1.012E+00  -1.985E-01
  9.167E-01   2.847E-01
  1.905E-01  -1.676E-01
 -1.042E+00  -1.526E-01
  8.502E-01   3.202E-01
  2.925E-01  -2.402E-01
 -1.063E+00  -1.060E-01
  7.693E-01   3.462E-01
  4.000E-01  -2.986E-01
 -1.076E+00  -5.933E-02
  6.748E-01   3.579E-01
  5.104E-01  -3.384E-01
 -1.081E+00  -1.261E-02
  5.699E-01   3.509E-01
  6.188E-01  -3.568E-01
 -1.080E+00   3.411E-02
  4.598E-01   3.226E-01
  7.195E-01  -3.547E-01
 -1.071E+00   8.084E-02
  3.502E-01   2.739E-01
  8.080E-01  -3.359E-01
 -1.054E+00   1.275E-01
  2.451E-01   2.083E-01
  8.824E-01  -3.050E-01
 -1.029E+00   1.739E-01
  1.456E-01   1.311E-01
  9.425E-01  -2.664E-01
 -9.943E-01   2.193E-01
  5.053E-02   4.707E-02
  9.898E-01  -2.234E-01
 -9.481E-01   2.625E-01
 -4.284E-02  -3.921E-02
  1.026E+00  -1.781E-01
 -8.892E-01   3.017E-01
 -1.376E-01  -1.236E-01
  1.052E+00  -1.318E-01
 -8.161E-01   3.334E-01
 -2.366E-01  -2.017E-01
  1.069E+00  -8.515E-02
 -7.288E-01   3.536E-01
 -3.413E-01  -2.685E-01
  1.078E+00  -3.843E-02
 -6.291E-01   3.573E-01
 -4.506E-01  -3.190E-01
  1.081E+00   8.294E-03
 -5.211E-01   3.408E-01
 -5.608E-01  -3.492E-01
  1.076E+00   5.502E-02
 -4.105E-01   3.030E-01
 -6.665E-01  -3.580E-01
  1.063E+00   1.017E-01
 -3.027E-01   2.460E-01
 -7.621E-01  -3.478E-01
  1.043E+00   1.483E-01
 -2.001E-01   1.745E-01
 -8.443E-01  -3.229E-01
  1.014E+00   1.944E-01
 -1.029E-01   9.358E-02
 -9.121E-01  -2.880E-01
  9.739E-01   2.390E-01
 -8.944E-03   8.004E-03
 -9.662E-01  -2.471E-01
  9.221E-01   2.807E-01
  8.470E-02  -7.795E-02
 -1.008E+00  -2.028E-01
  8.568E-01   3.170E-01
  1.811E-01  -1.601E-01
 -1.039E+00  -1.570E-01
  7.772E-01   3.441E-01
  2.827E-01  -2.337E-01
 -1.061E+00  -1.104E-01
  6.838E-01   3.574E-01
  3.897E-01  -2.937E-01
 -1.075E+00  -6.374E-02
  5.796E-01   3.522E-01
  5.001E-01  -3.353E-01
 -1.081E+00  -1.702E-02
  4.697E-01   3.259E-01
  6.091E-01  -3.557E-01
 -1.080E+00   2.970E-02
  3.598E-01   2.788E-01
  7.107E-01  -3.553E-01
 -1.072E+00   7.643E-02
  2.541E-01   2.146E-01
  8.005E-01  -3.377E-01
 -1.056E+00   1.231E-01
  1.542E-01   1.381E-01
  8.761E-01  -3.077E-01
 -1.032E+00   1.695E-01
  5.876E-02   5.451E-02
  9.376E-01  -2.696E-01
 -9.977E-01   2.150E-01
 -3.465E-02  -3.176E-02
  9.859E-01  -2.269E-01
 -9.526E-01   2.586E-01
 -1.292E-01  -1.165E-01
  1.023E+00  -1.817E-01
 -8.949E-01   2.982E-01
 -2.278E-01  -1.953E-01
  1.049E+00  -1.355E-01
 -8.231E-01   3.308E-01
 -3.319E-01  -2.634E-01
  1.067E+00  -8.883E-02
 -7.370E-01   3.521E-01
 -4.409E-01  -3.155E-01
  1.078E+00  -4.210E-02
 -6.382E-01   3.575E-01
 -5.514E-01  -3.475E-01
  1.081E+00   4.622E-03
 -5.307E-01   3.429E-01
 -6.577E-01  -3.582E-01
  1.076E+00   5.135E-02
 -4.201E-01   3.068E-01
 -7.543E-01  -3.495E-01
  1.065E+00   9.807E-02
 -3.119E-01   2.513E-01
 -8.378E-01  -3.256E-01
  1.045E+00   1.447E-01
 -2.088E-01   1.809E-01
 -9.069E-01  -2.914E-01
  1.017E+00   1.908E-01
 -1.112E-01   1.006E-01
 -9.621E-01  -2.509E-01
  9.777E-01   2.356E-01
 -1.708E-02   1.529E-02
 -1.005E+00  -2.069E-01
  9.270E-01   2.776E-01
  7.646E-02  -7.078E-02
 -1.037E+00  -1.611E-01
  8.630E-01   3.144E-01
  1.725E-01  -1.534E-01
 -1.060E+00  -1.146E-01
  7.847E-01   3.425E-01
  2.736E-01  -2.279E-01
 -1.074E+00  -6.794E-02
  6.925E-01   3.572E-01
  3.801E-01  -2.893E-01
 -1.081E+00  -2.122E-02
  5.891E-01   3.538E-01
  4.904E-01  -3.326E-01
 -1.081E+00   2.550E-02
  4.795E-01   3.294E-01
  5.996E-01  -3.549E-01
 -1.073E+00   7.223E-02
  3.695E-01   2.841E-01
  7.021E-01  -3.564E-01
 -1.058E+00   1.189E-01
  2.634E-01   2.212E-01
  7.930E-01  -3.402E-01
 -1.035E+00   1.654E-01
  1.630E-01   1.456E-01
  8.700E-01  -3.111E-01
 -1.001E+00   2.110E-01
  6.727E-02   6.249E-02
  9.326E-01  -2.736E-01
 -9.575E-01   2.548E-01
 -2.617E-02  -2.370E-02
  9.821E-01  -2.312E-01
 -9.010E-01   2.949E-01
 -1.205E-01  -1.087E-01
  1.020E+00  -1.862E-01
 -8.305E-01   3.283E-01
 -2.186E-01  -1.883E-01
  1.047E+00  -1.400E-01
 -7.457E-01   3.509E-01
 -3.222E-01  -2.576E-01
  1.066E+00  -9.341E-02
 -6.480E-01   3.579E-01
 -4.308E-01  -3.113E-01
  1.077E+00  -4.669E-02
 -5.411E-01   3.453E-01
 -5.413E-01  -3.454E-01
  1.081E+00   2.389E-05
 -4.306E-01   3.112E-01
 -6.482E-01  -3.580E-01
  1.077E+00   4.674E-02
 -3.219E-01   2.574E-01
 -7.459E-01  -3.509E-01
  1.066E+00   9.346E-02
 -2.183E-01   1.881E-01
 -8.307E-01  -3.283E-01
  1.047E+00   1.401E-01
 -1.203E-01   1.085E-01
 -9.011E-01  -2.948E-01
  1.020E+00   1.862E-01
 -2.596E-02   2.347E-02
 -9.576E-01  -2.548E-01
  9.819E-01   2.312E-01
  6.748E-02  -6.272E-02
 -1.002E+00  -2.110E-01
  9.324E-01   2.736E-01
  1.632E-01  -1.458E-01
 -1.035E+00  -1.653E-01
  8.696E-01   3.111E-01
  2.637E-01  -2.214E-01
 -1.058E+00  -1.189E-01
  7.926E-01   3.401E-01
  3.698E-01  -2.842E-01
 -1.073E+00  -7.217E-02
  7.016E-01   3.563E-01
  4.798E-01  -3.294E-01
 -1.081E+00  -2.544E-02
  5.991E-01   3.548E-01
  5.894E-01  -3.538E-01
 -1.081E+00   2.128E-02
  4.898E-01   3.324E-01
  6.928E-01  -3.570E-01
 -1.074E+00   6.801E-02
  3.796E-01   2.890E-01
  7.849E-01  -3.423E-01
 -1.060E+00   1.147E-01
  2.730E-01   2.275E-01
  8.632E-01  -3.142E-01
 -1.037E+00   1.612E-01
  1.720E-01   1.529E-01
  9.272E-01  -2.773E-01
 -1.005E+00   2.070E-01
  7.589E-02   7.029E-02
  9.778E-01  -2.353E-01
 -9.619E-01   2.510E-01
 -1.767E-02  -1.579E-02
  1.017E+00  -1.905E-01
 -9.066E-01   2.915E-01
 -1.118E-01  -1.011E-01
  1.045E+00  -1.443E-01
 -8.374E-01   3.256E-01
 -2.095E-01  -1.814E-01
  1.065E+00  -9.775E-02
 -7.539E-01   3.494E-01
 -3.126E-01  -2.518E-01
  1.076E+00  -5.102E-02
 -6.572E-01   3.581E-01
 -4.209E-01  -3.071E-01
  1.080E+00  -4.299E-03
 -5.508E-01   3.473E-01
 -5.314E-01  -3.431E-01
  1.077E+00   4.242E-02
 -4.404E-01   3.151E-01
 -6.389E-01  -3.576E-01
  1.067E+00   8.915E-02
 -3.314E-01   2.629E-01
 -7.377E-01  -3.521E-01
  1.049E+00   1.358E-01
 -2.273E-01   1.947E-01
 -8.237E-01  -3.306E-01
  1.022E+00   1.820E-01
 -1.288E-01   1.159E-01
 -8.954E-01  -2.980E-01
  9.855E-01   2.272E-01
 -3.424E-02   3.110E-02
 -9.531E-01  -2.584E-01
  9.371E-01   2.699E-01
  5.916E-02  -5.517E-02
 -9.982E-01  -2.148E-01
  8.756E-01   3.079E-01
  1.546E-01  -1.387E-01
 -1.032E+00  -1.693E-01
  7.998E-01   3.379E-01
  2.546E-01  -2.151E-01
 -1.056E+00  -1.229E-01
  7.100E-01   3.554E-01
  3.602E-01  -2.793E-01
 -1.072E+00  -7.618E-02
  6.083E-01   3.556E-01
  4.701E-01  -3.262E-01
 -1.080E+00  -2.946E-02
  4.994E-01   3.351E-01
  5.800E-01  -3.525E-01
 -1.081E+00   1.726E-02
  3.890E-01   2.934E-01
  6.841E-01  -3.575E-01
 -1.075E+00   6.398E-02
  2.820E-01   2.334E-01
  7.774E-01  -3.441E-01
 -1.061E+00   1.107E-01
  1.805E-01   1.597E-01
  8.570E-01  -3.170E-01
 -1.039E+00   1.572E-01
  8.408E-02   7.757E-02
  9.222E-01  -2.807E-01
 -1.008E+00   2.030E-01
 -9.552E-03  -8.382E-03
  9.739E-01  -2.390E-01
 -9.664E-01   2.473E-01
 -1.035E-01  -9.394E-02
  1.014E+00  -1.943E-01
 -9.122E-01   2.882E-01
 -2.007E-01  -1.748E-01
  1.043E+00  -1.483E-01
 -8.443E-01   3.230E-01
 -3.033E-01  -2.463E-01
  1.063E+00  -1.017E-01
 -7.621E-01   3.479E-01
 -4.112E-01  -3.032E-01
  1.076E+00  -5.500E-02
 -6.665E-01   3.581E-01
 -5.217E-01  -3.410E-01
  1.080E+00  -8.274E-03
 -5.609E-01   3.492E-01
 -6.296E-01  -3.574E-01
  1.078E+00   3.845E-02
 -4.506E-01   3.189E-01
 -7.294E-01  -3.537E-01
  1.069E+00   8.517E-02
 -3.413E-01   2.684E-01
 -8.166E-01  -3.335E-01
  1.051E+00   1.318E-01
 -2.367E-01   2.015E-01
 -8.896E-01  -3.017E-01
  1.025E+00   1.781E-01
 -1.377E-01   1.235E-01
 -9.485E-01  -2.626E-01
  9.894E-01   2.234E-01
 -4.296E-02   3.906E-02
 -9.947E-01  -2.193E-01
  9.421E-01   2.664E-01
  5.040E-02  -4.722E-02
 -1.030E+00  -1.739E-01
  8.819E-01   3.050E-01
  1.455E-01  -1.312E-01
 -1.055E+00  -1.275E-01
  8.075E-01   3.359E-01
  2.450E-01  -2.085E-01
 -1.071E+00  -8.084E-02
  7.190E-01   3.547E-01
  3.501E-01  -2.740E-01
 -1.080E+00  -3.412E-02
  6.182E-01   3.567E-01
  4.597E-01  -3.227E-01
 -1.082E+00   1.260E-02
  5.097E-01   3.382E-01
  5.697E-01  -3.509E-01
 -1.076E+00   5.933E-02
  3.993E-01   2.984E-01
  6.746E-01  -3.579E-01
 -1.063E+00   1.060E-01
  2.918E-01   2.399E-01
  7.691E-01  -3.461E-01
 -1.042E+00   1.526E-01
  1.898E-01   1.674E-01
  8.500E-01  -3.201E-01
 -1.012E+00   1.985E-01
  9.297E-02   8.582E-02
  9.165E-01  -2.845E-01
 -9.708E-01   2.430E-01
 -8.028E-04   4.322E-05
  9.694E-01  -2.432E-01
 -9.179E-01   2.843E-01
 -9.458E-02  -8.574E-02
  1.010E+00  -1.987E-01
 -8.513E-01   3.199E-01
 -1.914E-01  -1.673E-01
  1.040E+00  -1.528E-01
 -7.704E-01   3.459E-01
 -2.935E-01  -2.398E-01
  1.062E+00  -1.062E-01
 -6.758E-01   3.577E-01
 -4.010E-01  -2.983E-01
  1.075E+00  -5.951E-02
 -5.709E-01   3.507E-01
 -5.115E-01  -3.380E-01
  1.080E+00  -1.279E-02
 -4.607E-01   3.224E-01
 -6.200E-01  -3.565E-01
  1.078E+00   3.393E-02
 -3.511E-01   2.736E-01
 -7.207E-01  -3.544E-01
  1.070E+00   8.066E-02
 -2.460E-01   2.080E-01
 -8.092E-01  -3.354E-01
  1.053E+00   1.273E-01
 -1.465E-01   1.307E-01
 -8.836E-01  -3.045E-01
  1.028E+00   1.737E-01
 -5.141E-02   4.665E-02
 -9.437E-01  -2.659E-01
  9.928E-01   2.191E-01
  4.197E-02  -3.966E-02
 -9.909E-01  -2.228E-01
  9.467E-01   2.624E-01
  1.368E-01  -1.241E-01
 -1.027E+00  -1.775E-01
  8.876E-01   3.015E-01
  2.358E-01  -2.021E-01
 -1.053E+00  -1.312E-01
  8.145E-01   3.332E-01
  3.405E-01  -2.689E-01
 -1.070E+00  -8.455E-02
  7.272E-01   3.533E-01
  4.498E-01  -3.193E-01
 -1.080E+00  -3.782E-02
  6.274E-01   3.570E-01
  5.601E-01  -3.494E-01
 -1.082E+00   8.900E-03
  5.193E-01   3.404E-01
  6.657E-01  -3.582E-01
 -1.077E+00   5.563E-02
  4.088E-01   3.024E-01
  7.612E-01  -3.479E-01
 -1.065E+00   1.023E-01
  3.009E-01   2.454E-01
  8.434E-01  -3.229E-01
 -1.044E+00   1.489E-01
  1.984E-01   1.738E-01
  9.112E-01  -2.880E-01
 -1.015E+00   1.949E-01
  1.011E-01   9.291E-02
  9.652E-01  -2.470E-01
 -9.748E-01   2.396E-01
  7.202E-03   7.340E-03
  1.007E+00  -2.028E-01
 -9.230E-01   2.812E-01
 -8.646E-02  -7.859E-02
  1.038E+00  -1.569E-01
 -8.577E-01   3.174E-01
 -1.829E-01  -1.606E-01
  1.060E+00  -1.104E-01
 -7.780E-01   3.444E-01
 -2.845E-01  -2.342E-01
  1.074E+00  -6.370E-02
 -6.846E-01   3.576E-01
 -3.915E-01  -2.941E-01
  1.080E+00  -1.698E-02
 -5.805E-01   3.524E-01
 -5.019E-01  -3.356E-01
  1.079E+00   2.974E-02
 -4.706E-01   3.260E-01
 -6.108E-01  -3.559E-01
  1.071E+00   7.647E-02
 -3.608E-01   2.789E-01
 -7.124E-01  -3.555E-01
  1.055E+00   1.231E-01
 -2.552E-01   2.146E-01
 -8.021E-01  -3.379E-01
  1.031E+00   1.696E-01
 -1.553E-01   1.381E-01
 -8.777E-01  -3.078E-01
  9.965E-01   2.151E-01
 -5.993E-02   5.451E-02
 -9.391E-01  -2.697E-01
  9.514E-01   2.586E-01
  3.345E-02  -3.175E-02
 -9.874E-01  -2.270E-01
  8.937E-01   2.982E-01
  1.280E-01  -1.165E-01
 -1.024E+00  -1.819E-01
  8.219E-01   3.308E-01
  2.265E-01  -1.953E-01
 -1.051E+00  -1.356E-01
  7.358E-01   3.522E-01
  3.306E-01  -2.633E-01
 -1.069E+00  -8.901E-02
  6.370E-01   3.576E-01
  4.396E-01  -3.154E-01
 -1.079E+00  -4.229E-02
  5.295E-01   3.429E-01
  5.500E-01  -3.475E-01
 -1.082E+00   4.430E-03
  4.190E-01   3.069E-01
  6.563E-01  -3.582E-01
 -1.078E+00   5.115E-02
  3.107E-01   2.515E-01
  7.529E-01  -3.495E-01
 -1.066E+00   9.786E-02
  2.076E-01   1.810E-01
  8.364E-01  -3.257E-01
 -1.047E+00   1.445E-01
  1.100E-01   1.008E-01
  9.055E-01  -2.915E-01
 -1.018E+00   1.906E-01
  1.588E-02   1.544E-02
  9.607E-01  -2.510E-01
 -9.792E-01   2.354E-01
 -7.766E-02  -7.063E-02
  1.004E+00  -2.069E-01
 -9.286E-01   2.774E-01
 -1.737E-01  -1.532E-01
  1.036E+00  -1.612E-01
 -8.646E-01   3.142E-01
 -2.747E-01  -2.278E-01
  1.058E+00  -1.147E-01
 -7.862E-01   3.423E-01
 -3.813E-01  -2.892E-01
  1.073E+00  -6.797E-02
 -6.940E-01   3.570E-01
 -4.916E-01  -3.326E-01
  1.080E+00  -2.124E-02
 -5.907E-01   3.537E-01
 -6.008E-01  -3.549E-01
  1.079E+00   2.548E-02
 -4.810E-01   3.293E-01
 -7.033E-01  -3.564E-01
  1.072E+00   7.220E-02
 -3.710E-01   2.840E-01
 -7.943E-01  -3.402E-01
  1.056E+00   1.189E-01
 -2.649E-01   2.211E-01
 -8.712E-01  -3.111E-01
  1.033E+00   1.653E-01
 -1.644E-01   1.456E-01
 -9.339E-01  -2.736E-01
  9.999E-01   2.110E-01
 -6.872E-02   6.243E-02
 -9.833E-01  -2.312E-01
  9.559E-01   2.548E-01
  2.474E-02  -2.376E-02
 -1.021E+00  -1.862E-01
  8.993E-01   2.949E-01
  1.191E-01  -1.088E-01
 -1.049E+00  -1.400E-01
  8.288E-01   3.282E-01
  2.172E-01  -1.884E-01
 -1.068E+00  -9.340E-02
  7.440E-01   3.508E-01
  3.208E-01  -2.576E-01
 -1.078E+00  -4.667E-02
  6.462E-01   3.579E-01
  4.295E-01  -3.114E-01
 -1.082E+00   4.941E-05
  5.393E-01   3.451E-01
  5.400E-01  -3.454E-01
 -1.078E+00   4.677E-02
  4.287E-01   3.110E-01
  6.469E-01  -3.580E-01
 -1.067E+00   9.350E-02
  3.201E-01   2.572E-01
  7.446E-01  -3.508E-01
 -1.049E+00   1.401E-01
  2.165E-01   1.878E-01
  8.293E-01  -3.281E-01
 -1.021E+00   1.863E-01
  1.184E-01   1.082E-01
  8.997E-01  -2.947E-01
 -9.831E-01   2.313E-01
  2.407E-02   2.317E-02
  9.562E-01  -2.546E-01
 -9.335E-01   2.737E-01
 -6.940E-02  -6.302E-02
  1.000E+00  -2.108E-01
 -8.707E-01   3.111E-01
 -1.652E-01  -1.461E-01
  1.033E+00  -1.652E-01
 -7.937E-01   3.401E-01
 -2.657E-01  -2.216E-01
  1.057E+00  -1.187E-01
 -7.026E-01   3.562E-01
 -3.719E-01  -2.844E-01
  1.072E+00  -7.203E-02
 -6.000E-01   3.546E-01
 -4.820E-01  -3.295E-01
  1.079E+00  -2.531E-02
 -4.907E-01   3.321E-01
 -5.916E-01  -3.537E-01
  1.079E+00   2.141E-02
 -3.805E-01   2.885E-01
 -6.949E-01  -3.569E-01
  1.073E+00   6.813E-02
 -2.739E-01   2.270E-01
 -7.871E-01  -3.420E-01
  1.058E+00   1.148E-01
 -1.730E-01   1.523E-01
 -8.653E-01  -3.138E-01
  1.035E+00   1.613E-01
 -7.696E-02   6.964E-02
 -9.292E-01  -2.769E-01
  1.003E+00   2.071E-01
  1.655E-02  -1.646E-02
 -9.797E-01  -2.348E-01
  9.602E-01   2.511E-01
  1.107E-01  -1.018E-01
 -1.018E+00  -1.899E-01
  9.049E-01   2.915E-01
  2.083E-01  -1.820E-01
 -1.047E+00  -1.438E-01
  8.357E-01   3.257E-01
  3.114E-01  -2.524E-01
 -1.066E+00  -9.722E-02
  7.521E-01   3.494E-01
  4.197E-01  -3.077E-01
 -1.078E+00  -5.050E-02
  6.554E-01   3.580E-01
  5.302E-01  -3.436E-01
 -1.082E+00  -3.775E-03
  5.491E-01   3.471E-01
  6.376E-01  -3.580E-01
 -1.079E+00   4.294E-02
  4.387E-01   3.149E-01
  7.363E-01  -3.526E-01
 -1.069E+00   8.967E-02
  3.297E-01   2.627E-01
  8.223E-01  -3.311E-01
 -1.051E+00   1.363E-01
  2.256E-01   1.946E-01
  8.939E-01  -2.985E-01
 -1.024E+00   1.825E-01
  1.271E-01   1.158E-01
  9.516E-01  -2.589E-01
 -9.872E-01   2.277E-01
  3.256E-02   3.104E-02
  9.966E-01  -2.153E-01
 -9.388E-01   2.703E-01
 -6.085E-02  -5.519E-02
  1.030E+00  -1.698E-01
 -8.773E-01   3.083E-01
 -1.563E-01  -1.387E-01
  1.055E+00  -1.234E-01
 -8.016E-01   3.383E-01
 -2.563E-01  -2.151E-01
  1.071E+00  -7.674E-02
 -7.118E-01   3.558E-01
 -3.619E-01  -2.792E-01
  1.079E+00  -3.002E-02
 -6.101E-01   3.560E-01
 -4.717E-01  -3.262E-01
  1.080E+00   1.670E-02
 -5.012E-01   3.355E-01
 -5.816E-01  -3.524E-01
  1.074E+00   6.343E-02
 -3.909E-01   2.938E-01
 -6.857E-01  -3.574E-01
  1.060E+00   1.101E-01
 -2.839E-01   2.338E-01
 -7.790E-01  -3.441E-01
  1.038E+00   1.567E-01
 -1.824E-01   1.601E-01
 -8.586E-01  -3.170E-01
  1.007E+00   2.025E-01
 -8.602E-02   7.799E-02
 -9.238E-01  -2.807E-01
  9.648E-01   2.468E-01
  7.597E-03  -7.974E-03
 -9.755E-01  -2.390E-01
  9.106E-01   2.877E-01
  1.015E-01  -9.356E-02
 -1.015E+00  -1.944E-01
  8.427E-01   3.226E-01
  1.987E-01  -1.745E-01
 -1.045E+00  -1.483E-01
  7.605E-01   3.475E-01
  3.013E-01  -2.460E-01
 -1.065E+00  -1.018E-01
  6.648E-01   3.578E-01
  4.092E-01  -3.030E-01
 -1.077E+00  -5.504E-02
  5.592E-01   3.489E-01
  5.197E-01  -3.408E-01
 -1.082E+00  -8.316E-03
  4.488E-01   3.187E-01
  6.277E-01  -3.573E-01
 -1.080E+00   3.840E-02
  3.395E-01   2.682E-01
  7.275E-01  -3.535E-01
 -1.070E+00   8.512E-02
  2.349E-01   2.013E-01
  8.147E-01  -3.333E-01
 -1.053E+00   1.318E-01
  1.358E-01   1.232E-01
  8.877E-01  -3.015E-01
 -1.027E+00   1.781E-01
  4.100E-02   3.878E-02
  9.467E-01  -2.623E-01
 -9.909E-01   2.233E-01
 -5.240E-02  -4.750E-02
  9.928E-01  -2.190E-01
 -9.436E-01   2.663E-01
 -1.475E-01  -1.315E-01
  1.028E+00  -1.736E-01
 -8.834E-01   3.049E-01
 -2.471E-01  -2.087E-01
  1.053E+00  -1.272E-01
 -8.090E-01   3.357E-01
 -3.522E-01  -2.742E-01
  1.069E+00  -8.058E-02
 -7.203E-01   3.545E-01
 -4.619E-01  -3.228E-01
  1.078E+00  -3.385E-02
 -6.196E-01   3.565E-01
 -5.720E-01  -3.510E-01
  1.080E+00   1.288E-02
 -5.110E-01   3.379E-01
 -6.769E-01  -3.578E-01
  1.074E+00   5.960E-02
 -4.006E-01   2.980E-01
 -7.713E-01  -3.460E-01
  1.061E+00   1.063E-01
 -2.931E-01   2.394E-01
 -8.522E-01  -3.199E-01
  1.040E+00   1.529E-01
 -1.911E-01   1.668E-01
 -9.186E-01  -2.842E-01
  1.010E+00   1.988E-01
 -9.435E-02   8.519E-02
 -9.715E-01  -2.429E-01
  9.687E-01   2.433E-01
 -5.895E-04  -6.086E-04
 -1.012E+00  -1.984E-01
  9.157E-01   2.846E-01
  9.319E-02  -8.638E-02
 -1.043E+00  -1.524E-01
  8.491E-01   3.201E-01
  1.900E-01  -1.679E-01
 -1.064E+00  -1.059E-01
  7.681E-01   3.461E-01
  2.921E-01  -2.404E-01
 -1.077E+00  -5.918E-02
  6.736E-01   3.578E-01
  3.996E-01  -2.988E-01
 -1.082E+00  -1.246E-02
  5.686E-01   3.507E-01
  5.100E-01  -3.385E-01
 -1.080E+00   3.426E-02
  4.585E-01   3.223E-01
  6.185E-01  -3.568E-01
 -1.072E+00   8.099E-02
  3.489E-01   2.735E-01
  7.191E-01  -3.547E-01
 -1.055E+00   1.277E-01
  2.438E-01   2.079E-01
  8.076E-01  -3.357E-01
 -1.030E+00   1.740E-01
  1.444E-01   1.306E-01
  8.819E-01  -3.048E-01
 -9.948E-01   2.194E-01
  4.928E-02   4.654E-02
  9.420E-01  -2.662E-01
 -9.486E-01   2.627E-01
 -4.410E-02  -3.973E-02
  9.892E-01  -2.232E-01
 -8.896E-01   3.018E-01
 -1.389E-01  -1.241E-01
  1.025E+00  -1.779E-01
 -8.165E-01   3.335E-01
 -2.380E-01  -2.021E-01
  1.051E+00  -1.316E-01
 -7.291E-01   3.536E-01
 -3.426E-01  -2.688E-01
  1.068E+00  -8.495E-02
 -6.293E-01   3.572E-01
 -4.520E-01  -3.192E-01
  1.078E+00  -3.823E-02
 -5.213E-01   3.406E-01
 -5.622E-01  -3.493E-01
  1.080E+00   8.486E-03
 -4.108E-01   3.026E-01
 -6.678E-01  -3.580E-01
  1.075E+00   5.520E-02
 -3.029E-01   2.455E-01
 -7.634E-01  -3.477E-01
  1.063E+00   1.019E-01
 -2.004E-01   1.740E-01
 -8.455E-01  -3.227E-01
  1.042E+00   1.485E-01
 -1.032E-01   9.300E-02
 -9.133E-01  -2.878E-01
  1.013E+00   1.945E-01
 -9.351E-03   7.408E-03
 -9.673E-01  -2.468E-01
  9.731E-01   2.391E-01
  8.426E-02  -7.855E-02
 -1.009E+00  -2.025E-01
  9.213E-01   2.808E-01
  1.807E-01  -1.606E-01
 -1.040E+00  -1.567E-01
  8.560E-01   3.171E-01
  2.822E-01  -2.342E-01
 -1.062E+00  -1.101E-01
  7.764E-01   3.441E-01
  3.892E-01  -2.942E-01
 -1.076E+00  -6.342E-02
  6.830E-01   3.574E-01
  4.995E-01  -3.358E-01
 -1.082E+00  -1.669E-02
  5.788E-01   3.522E-01
  6.084E-01  -3.561E-01
 -1.081E+00   3.003E-02
  4.689E-01   3.259E-01
  7.100E-01  -3.558E-01
 -1.073E+00   7.676E-02
  3.591E-01   2.788E-01
  7.997E-01  -3.383E-01
 -1.057E+00   1.234E-01
  2.534E-01   2.146E-01
  8.753E-01  -3.083E-01
 -1.032E+00   1.698E-01
  1.535E-01   1.382E-01
  9.367E-01  -2.703E-01
 -9.985E-01   2.154E-01
  5.803E-02   5.466E-02
  9.851E-01  -2.276E-01
 -9.534E-01   2.589E-01
 -3.540E-02  -3.157E-02
  1.022E+00  -1.824E-01
 -8.956E-01   2.985E-01
 -1.300E-01  -1.163E-01
  1.049E+00  -1.362E-01
 -8.238E-01   3.310E-01
 -2.286E-01  -1.951E-01
  1.067E+00  -8.957E-02
 -7.377E-01   3.524E-01
 -3.327E-01  -2.631E-01
  1.077E+00  -4.284E-02
 -6.388E-01   3.577E-01
 -4.418E-01  -3.151E-01
  1.080E+00   3.877E-03
 -5.313E-01   3.431E-01
 -5.522E-01  -3.472E-01
  1.076E+00   5.060E-02
 -4.208E-01   3.070E-01
 -6.585E-01  -3.578E-01
  1.064E+00   9.733E-02
 -3.125E-01   2.515E-01
 -7.552E-01  -3.490E-01
  1.044E+00   1.439E-01
 -2.095E-01   1.810E-01
 -8.386E-01  -3.252E-01
  1.016E+00   1.901E-01
 -1.119E-01   1.006E-01
 -9.077E-01  -2.909E-01
  9.769E-01   2.349E-01
 -1.778E-02   1.525E-02
 -9.629E-01  -2.504E-01
  9.262E-01   2.769E-01
  7.574E-02  -7.086E-02
 -1.006E+00  -2.063E-01
  8.622E-01   3.138E-01
  1.718E-01  -1.535E-01
 -1.038E+00  -1.606E-01
  7.838E-01   3.419E-01
  2.728E-01  -2.281E-01
 -1.060E+00  -1.141E-01
  6.916E-01   3.566E-01
  3.794E-01  -2.895E-01
 -1.075E+00  -6.736E-02
  5.881E-01   3.532E-01
  4.897E-01  -3.328E-01
 -1.082E+00  -2.063E-02
  4.785E-01   3.288E-01
  5.990E-01  -3.551E-01
 -1.081E+00   2.609E-02
  3.684E-01   2.834E-01
  7.015E-01  -3.565E-01
 -1.074E+00   7.281E-02
  2.623E-01   2.205E-01
  7.924E-01  -3.403E-01
 -1.059E+00   1.195E-01
  1.618E-01   1.449E-01
  8.693E-01  -3.111E-01
 -1.035E+00   1.659E-01
  6.607E-02   6.180E-02
  9.319E-01  -2.736E-01
 -1.002E+00   2.116E-01
 -2.740E-02  -2.437E-02
  9.813E-01  -2.312E-01
 -9.579E-01   2.553E-01
 -1.218E-01  -1.094E-01
  1.019E+00  -1.862E-01
 -9.013E-01   2.953E-01
 -2.199E-01  -1.889E-01
  1.047E+00  -1.400E-01
 -8.307E-01   3.286E-01
 -3.235E-01  -2.580E-01
  1.065E+00  -9.341E-02
 -7.459E-01   3.512E-01
 -4.322E-01  -3.116E-01
  1.076E+00  -4.668E-02
 -6.481E-01   3.581E-01
 -5.427E-01  -3.455E-01
  1.080E+00   3.719E-05
 -5.412E-01   3.453E-01
 -6.496E-01  -3.580E-01
  1.076E+00   4.676E-02
 -4.307E-01   3.110E-01
 -7.473E-01  -3.509E-01
  1.065E+00   9.349E-02
 -3.221E-01   2.571E-01
 -8.319E-01  -3.281E-01
  1.047E+00   1.401E-01
 -2.186E-01   1.878E-01
 -9.023E-01  -2.947E-01
  1.019E+00   1.863E-01
 -1.206E-01   1.081E-01
 -9.587E-01  -2.546E-01
  9.810E-01   2.313E-01
 -2.630E-02   2.304E-02
 -1.003E+00  -2.108E-01
  9.315E-01   2.736E-01
  6.712E-02  -6.315E-02
 -1.036E+00  -1.651E-01
  8.687E-01   3.111E-01
  1.628E-01  -1.463E-01
 -1.059E+00  -1.186E-01
  7.917E-01   3.401E-01
  2.633E-01  -2.218E-01
 -1.074E+00  -7.195E-02
  7.006E-01   3.563E-01
  3.694E-01  -2.846E-01
 -1.082E+00  -2.523E-02
  5.981E-01   3.547E-01
  4.794E-01  -3.297E-01
 -1.082E+00   2.149E-02
  4.888E-01   3.323E-01
  5.890E-01  -3.540E-01
 -1.075E+00   6.821E-02
  3.786E-01   2.888E-01
  6.923E-01  -3.573E-01
 -1.061E+00   1.149E-01
  2.720E-01   2.274E-01
  7.844E-01  -3.425E-01
 -1.038E+00   1.614E-01
  1.710E-01   1.528E-01
  8.626E-01  -3.144E-01
 -1.006E+00   2.071E-01
  7.496E-02   7.016E-02
  9.265E-01  -2.776E-01
 -9.627E-01   2.511E-01
 -1.859E-02  -1.590E-02
  9.771E-01  -2.355E-01
 -9.073E-01   2.916E-01
 -1.127E-01  -1.012E-01
  1.016E+00  -1.907E-01
 -8.381E-01   3.258E-01
 -2.104E-01  -1.814E-01
  1.044E+00  -1.446E-01
 -7.546E-01   3.495E-01
 -3.135E-01  -2.518E-01
  1.064E+00  -9.803E-02
 -6.578E-01   3.581E-01
 -4.219E-01  -3.071E-01
  1.076E+00  -5.132E-02
 -5.515E-01   3.473E-01
 -5.324E-01  -3.430E-01
  1.080E+00  -4.599E-03
 -4.411E-01   3.150E-01
 -6.399E-01  -3.574E-01
  1.077E+00   4.212E-02
 -3.321E-01   2.628E-01
 -7.387E-01  -3.519E-01
  1.067E+00   8.885E-02
 -2.280E-01   1.946E-01
 -8.247E-01  -3.304E-01
  1.048E+00   1.355E-01
 -1.295E-01   1.157E-01
 -8.963E-01  -2.977E-01
  1.022E+00   1.817E-01
 -3.498E-02   3.092E-02
 -9.540E-01  -2.581E-01
  9.847E-01   2.269E-01
  5.840E-02  -5.538E-02
 -9.990E-01  -2.145E-01
  9.363E-01   2.696E-01
  1.538E-01  -1.390E-01
 -1.033E+00  -1.689E-01
  8.748E-01   3.076E-01
  2.538E-01  -2.154E-01
 -1.057E+00  -1.225E-01
  7.991E-01   3.376E-01
  3.594E-01  -2.796E-01
 -1.073E+00  -7.580E-02
  7.092E-01   3.551E-01
  4.692E-01  -3.266E-01
 -1.081E+00  -2.907E-02
  6.075E-01   3.554E-01
  5.791E-01  -3.528E-01
 -1.082E+00   1.765E-02
  4.986E-01   3.349E-01
  6.832E-01  -3.579E-01
 -1.076E+00   6.438E-02
  3.882E-01   2.932E-01
  7.765E-01  -3.445E-01
 -1.062E+00   1.111E-01
  2.811E-01   2.332E-01
  8.560E-01  -3.174E-01
 -1.040E+00   1.576E-01
  1.796E-01   1.595E-01
  9.212E-01  -2.812E-01
 -1.009E+00   2.034E-01
  8.316E-02   7.745E-02
  9.730E-01  -2.395E-01
 -9.668E-01   2.477E-01
 -1.052E-02  -8.470E-03
  1.013E+00  -1.948E-01
 -9.126E-01   2.885E-01
 -1.045E-01  -9.399E-02
  1.042E+00  -1.488E-01
 -8.447E-01   3.233E-01
 -2.018E-01  -1.748E-01
  1.062E+00  -1.022E-01
 -7.624E-01   3.482E-01
 -3.044E-01  -2.462E-01
  1.075E+00  -5.552E-02
 -6.667E-01   3.583E-01
 -4.124E-01  -3.030E-01
  1.080E+00  -8.803E-03
 -5.610E-01   3.492E-01
 -5.230E-01  -3.407E-01
  1.077E+00   3.792E-02
 -4.508E-01   3.188E-01
 -6.310E-01  -3.570E-01
  1.068E+00   8.465E-02
 -3.415E-01   2.682E-01
 -7.307E-01  -3.531E-01
  1.050E+00   1.313E-01
 -2.370E-01   2.012E-01
 -8.179E-01  -3.328E-01
  1.024E+00   1.776E-01
 -1.380E-01   1.230E-01
 -8.908E-01  -3.009E-01
  9.885E-01   2.229E-01
 -4.329E-02   3.858E-02
 -9.497E-01  -2.618E-01
  9.412E-01   2.659E-01
  5.003E-02  -4.775E-02
 -9.957E-01  -2.184E-01
  8.809E-01   3.045E-01
  1.451E-01  -1.318E-01
 -1.031E+00  -1.730E-01
  8.065E-01   3.354E-01
  2.446E-01  -2.090E-01
 -1.056E+00  -1.266E-01
  7.179E-01   3.542E-01
  3.497E-01  -2.745E-01
 -1.072E+00  -7.997E-02
  6.171E-01   3.562E-01
  4.593E-01  -3.232E-01
 -1.081E+00  -3.324E-02
  5.086E-01   3.376E-01
  5.693E-01  -3.514E-01
 -1.083E+00   1.347E-02
  3.981E-01   2.978E-01
  6.742E-01  -3.583E-01
 -1.077E+00   6.019E-02
  2.907E-01   2.393E-01
  7.686E-01  -3.465E-01
 -1.064E+00   1.069E-01
  1.886E-01   1.667E-01
  8.494E-01  -3.204E-01
 -1.043E+00   1.534E-01
  9.181E-02   8.518E-02
  9.159E-01  -2.848E-01
 -1.012E+00   1.993E-01
 -1.983E-03  -5.590E-04
  9.688E-01  -2.435E-01
 -9.714E-01   2.438E-01
 -9.579E-02  -8.628E-02
  1.010E+00  -1.990E-01
 -9.184E-01   2.850E-01
 -1.927E-01  -1.677E-01
  1.040E+00  -1.531E-01
 -8.518E-01   3.205E-01
 -2.947E-01  -2.402E-01
  1.061E+00  -1.066E-01
 -7.709E-01   3.465E-01
 -4.022E-01  -2.986E-01
  1.074E+00  -5.985E-02
 -6.763E-01   3.581E-01
 -5.127E-01  -3.382E-01
  1.079E+00  -1.312E-02
 -5.714E-01   3.510E-01
 -6.211E-01  -3.565E-01
  1.078E+00   3.360E-02
 -4.613E-01   3.227E-01
 -7.218E-01  -3.544E-01
  1.069E+00   8.033E-02
 -3.518E-01   2.738E-01
 -8.103E-01  -3.355E-01
  1.052E+00   1.270E-01
 -2.467E-01   2.082E-01
 -8.846E-01  -3.045E-01
  1.027E+00   1.734E-01
 -1.473E-01   1.308E-01
 -9.447E-01  -2.659E-01
  9.922E-01   2.188E-01
 -5.221E-02   4.679E-02
 -9.919E-01  -2.228E-01
  9.460E-01   2.621E-01
  4.113E-02  -3.954E-02
 -1.028E+00  -1.775E-01
  8.870E-01   3.012E-01
  1.359E-01  -1.240E-01
 -1.054E+00  -1.312E-01
  8.139E-01   3.330E-01
  2.349E-01  -2.020E-01
 -1.071E+00  -8.457E-02
  7.265E-01   3.531E-01
  3.395E-01  -2.689E-01
 -1.080E+00  -3.784E-02
  6.267E-01   3.569E-01
  4.488E-01  -3.193E-01
 -1.083E+00   8.883E-03
  5.187E-01   3.403E-01
  5.591E-01  -3.495E-01
 -1.078E+00   5.561E-02
  4.081E-01   3.024E-01
  6.647E-01  -3.583E-01
 -1.065E+00   1.023E-01
  3.002E-01   2.454E-01
  7.603E-01  -3.480E-01
 -1.045E+00   1.489E-01
  1.976E-01   1.739E-01
  8.424E-01  -3.230E-01
 -1.015E+00   1.949E-01
  1.004E-01   9.295E-02
  9.102E-01  -2.882E-01
 -9.755E-01   2.395E-01
  6.390E-03   7.402E-03
  9.643E-01  -2.472E-01
 -9.237E-01   2.812E-01
 -8.731E-02  -7.851E-02
  1.006E+00  -2.030E-01
 -8.583E-01   3.174E-01
 -1.838E-01  -1.605E-01
  1.037E+00  -1.571E-01
 -7.786E-01   3.444E-01
 -2.854E-01  -2.341E-01
  1.059E+00  -1.106E-01
 -6.852E-01   3.575E-01
 -3.925E-01  -2.939E-01
  1.073E+00  -6.393E-02
 -5.809E-01   3.523E-01
 -5.030E-01  -3.353E-01
  1.079E+00  -1.721E-02
 -4.710E-01   3.258E-01
 -6.119E-01  -3.556E-01
  1.078E+00   2.951E-02
 -3.612E-01   2.786E-01
 -7.135E-01  -3.551E-01
  1.070E+00   7.624E-02
 -2.556E-01   2.142E-01
 -8.032E-01  -3.374E-01
  1.054E+00   1.229E-01
 -1.557E-01   1.376E-01
 -8.788E-01  -3.072E-01
  1.030E+00   1.693E-01
 -6.037E-02   5.394E-02
 -9.401E-01  -2.691E-01
  9.955E-01   2.149E-01
  3.298E-02  -3.237E-02
 -9.884E-01  -2.263E-01
  9.504E-01   2.584E-01
  1.275E-01  -1.171E-01
 -1.025E+00  -1.811E-01
  8.926E-01   2.980E-01
  2.260E-01  -1.960E-01
 -1.052E+00  -1.349E-01
  8.208E-01   3.306E-01
  3.301E-01  -2.640E-01
 -1.070E+00  -8.823E-02
  7.347E-01   3.519E-01
  4.391E-01  -3.160E-01
 -1.080E+00  -4.149E-02
  6.359E-01   3.572E-01
  5.495E-01  -3.481E-01
 -1.083E+00   5.232E-03
  5.283E-01   3.426E-01
  6.557E-01  -3.587E-01
 -1.079E+00   5.195E-02
  4.178E-01   3.065E-01
  7.523E-01  -3.500E-01
 -1.067E+00   9.867E-02
  3.095E-01   2.511E-01
  8.357E-01  -3.262E-01
 -1.047E+00   1.453E-01
  2.065E-01   1.806E-01
  9.047E-01  -2.920E-01
 -1.019E+00   1.913E-01
  1.088E-01   1.004E-01
  9.600E-01  -2.515E-01
 -9.798E-01   2.361E-01
  1.469E-02   1.511E-02
  1.003E+00  -2.075E-01
 -9.291E-01   2.781E-01
 -7.890E-02  -7.090E-02
  1.035E+00  -1.618E-01
 -8.650E-01   3.149E-01
 -1.750E-01  -1.534E-01
  1.058E+00  -1.153E-01
 -7.866E-01   3.429E-01
 -2.761E-01  -2.279E-01
  1.072E+00  -6.862E-02
 -6.944E-01   3.575E-01
 -3.827E-01  -2.892E-01
  1.079E+00  -2.191E-02
 -5.910E-01   3.540E-01
 -4.930E-01  -3.324E-01
  1.078E+00   2.481E-02
 -4.814E-01   3.295E-01
 -6.022E-01  -3.546E-01
  1.071E+00   7.154E-02
 -3.714E-01   2.841E-01
 -7.047E-01  -3.560E-01
  1.056E+00   1.182E-01
 -2.654E-01   2.211E-01
 -7.956E-01  -3.397E-01
  1.032E+00   1.647E-01
 -1.650E-01   1.455E-01
 -8.725E-01  -3.105E-01
  9.992E-01   2.104E-01
 -6.933E-02   6.231E-02
 -9.351E-01  -2.730E-01
  9.552E-01   2.542E-01
  2.405E-02  -2.394E-02
 -9.845E-01  -2.305E-01
  8.987E-01   2.943E-01
  1.183E-01  -1.090E-01
 -1.022E+00  -1.855E-01
  8.282E-01   3.277E-01
  2.164E-01  -1.886E-01
 -1.050E+00  -1.393E-01
  7.434E-01   3.503E-01
  3.199E-01  -2.579E-01
 -1.069E+00  -9.272E-02
  6.456E-01   3.574E-01
  4.286E-01  -3.117E-01
 -1.079E+00  -4.599E-02
  5.386E-01   3.447E-01
  5.390E-01  -3.458E-01
 -1.083E+00   7.324E-04
  4.281E-01   3.106E-01
  6.459E-01  -3.584E-01
 -1.079E+00   4.745E-02
  3.194E-01   2.568E-01
  7.436E-01  -3.513E-01
 -1.068E+00   9.416E-02
  2.157E-01   1.876E-01
  8.284E-01  -3.287E-01
 -1.049E+00   1.408E-01
  1.176E-01   1.080E-01
  8.987E-01  -2.953E-01
 -1.022E+00   1.869E-01
  2.324E-02   2.301E-02
  9.552E-01  -2.552E-01
 -9.838E-01   2.319E-01
 -7.028E-02  -6.312E-02
  9.991E-01  -2.114E-01
 -9.342E-01   2.742E-01
 -1.661E-01  -1.462E-01
  1.032E+00  -1.657E-01
 -8.714E-01   3.116E-01
 -2.666E-01  -2.216E-01
  1.056E+00  -1.193E-01
 -7.943E-01   3.406E-01
 -3.728E-01  -2.843E-01
  1.071E+00  -7.262E-02
 -7.032E-01   3.566E-01
 -4.829E-01  -3.294E-01
  1.078E+00  -2.590E-02
 -6.007E-01   3.550E-01
 -5.926E-01  -3.535E-01
  1.079E+00   2.082E-02
 -4.914E-01   3.324E-01
 -6.959E-01  -3.566E-01
  1.072E+00   6.756E-02
 -3.812E-01   2.888E-01
 -7.880E-01  -3.417E-01
  1.057E+00   1.143E-01
 -2.746E-01   2.272E-01
 -8.662E-01  -3.135E-01
  1.034E+00   1.608E-01
 -1.737E-01   1.524E-01
 -9.301E-01  -2.766E-01
  1.002E+00   2.065E-01
 -7.771E-02   6.972E-02
 -9.806E-01  -2.344E-01
  9.594E-01   2.506E-01
  1.577E-02  -1.643E-02
 -1.019E+00  -1.896E-01
  9.040E-01   2.911E-01
  1.099E-01  -1.018E-01
 -1.048E+00  -1.435E-01
  8.348E-01   3.252E-01
  2.075E-01  -1.821E-01
 -1.067E+00  -9.685E-02
  7.512E-01   3.490E-01
  3.106E-01  -2.524E-01
 -1.079E+00  -5.012E-02
  6.544E-01   3.576E-01
  4.189E-01  -3.078E-01
 -1.083E+00  -3.398E-03
  5.480E-01   3.468E-01
  5.294E-01  -3.437E-01
 -1.080E+00   4.332E-02
  4.376E-01   3.145E-01
  6.368E-01  -3.582E-01
 -1.070E+00   9.004E-02
  3.286E-01   2.623E-01
  7.355E-01  -3.527E-01
 -1.052E+00   1.367E-01
  2.245E-01   1.942E-01
  8.215E-01  -3.312E-01
 -1.025E+00   1.829E-01
  1.260E-01   1.154E-01
  8.931E-01  -2.986E-01
 -9.877E-01   2.280E-01
  3.137E-02   3.064E-02
  9.508E-01  -2.589E-01
 -9.393E-01   2.707E-01
 -6.209E-02  -5.555E-02
  9.958E-01  -2.154E-01
 -8.777E-01   3.086E-01
 -1.576E-01  -1.390E-01
  1.030E+00  -1.699E-01
 -8.019E-01   3.385E-01
 -2.576E-01  -2.153E-01
  1.054E+00  -1.235E-01
 -7.120E-01   3.559E-01
 -3.633E-01  -2.794E-01
  1.070E+00  -7.683E-02
 -6.103E-01   3.560E-01
 -4.732E-01  -3.262E-01
  1.078E+00  -3.011E-02
 -5.014E-01   3.353E-01
 -5.831E-01  -3.522E-01
  1.079E+00   1.660E-02
 -3.911E-01   2.935E-01
 -6.872E-01  -3.571E-01
  1.073E+00   6.333E-02
 -2.841E-01   2.333E-01
 -7.805E-01  -3.437E-01
  1.059E+00   1.100E-01
 -1.827E-01   1.596E-01
 -8.600E-01  -3.165E-01
  1.037E+00   1.566E-01
 -8.640E-02   7.740E-02
 -9.251E-01  -2.801E-01
  1.006E+00   2.024E-01
  7.159E-03  -8.618E-03
 -9.768E-01  -2.384E-01
  9.639E-01   2.467E-01
  1.010E-01  -9.423E-02
 -1.016E+00  -1.937E-01
  9.097E-01   2.876E-01
  1.982E-01  -1.752E-01
 -1.046E+00  -1.476E-01
  8.418E-01   3.225E-01
  3.007E-01  -2.467E-01
 -1.066E+00  -1.010E-01
  7.596E-01   3.474E-01
  4.086E-01  -3.036E-01
 -1.078E+00  -5.429E-02
  6.639E-01   3.576E-01
  5.190E-01  -3.414E-01
 -1.083E+00  -7.563E-03
  5.583E-01   3.487E-01
  6.269E-01  -3.579E-01
 -1.081E+00   3.916E-02
  4.480E-01   3.185E-01
  7.266E-01  -3.542E-01
 -1.071E+00   8.588E-02
  3.387E-01   2.680E-01
  8.139E-01  -3.340E-01
 -1.054E+00   1.325E-01
  2.340E-01   2.012E-01
  8.868E-01  -3.023E-01
 -1.028E+00   1.788E-01
  1.350E-01   1.232E-01
  9.458E-01  -2.632E-01
 -9.917E-01   2.241E-01
  4.011E-02   3.885E-02
  9.919E-01  -2.199E-01
 -9.444E-01   2.670E-01
 -5.333E-02  -4.737E-02
  1.027E+00  -1.746E-01
 -8.841E-01   3.055E-01
 -1.485E-01  -1.313E-01
  1.052E+00  -1.282E-01
 -8.096E-01   3.364E-01
 -2.481E-01  -2.084E-01
  1.068E+00  -8.157E-02
 -7.210E-01   3.551E-01
 -3.533E-01  -2.738E-01
  1.077E+00  -3.485E-02
 -6.202E-01   3.570E-01
 -4.630E-01  -3.224E-01
  1.079E+00   1.187E-02
 -5.117E-01   3.383E-01
 -5.731E-01  -3.505E-01
  1.073E+00   5.860E-02
 -4.012E-01   2.984E-01
 -6.780E-01  -3.573E-01
  1.060E+00   1.053E-01
 -2.938E-01   2.397E-01
 -7.724E-01  -3.453E-01
  1.039E+00   1.519E-01
 -1.919E-01   1.669E-01
 -8.532E-01  -3.191E-01
  1.009E+00   1.979E-01
 -9.511E-02   8.529E-02
 -9.197E-01  -2.835E-01
  9.680E-01   2.423E-01
 -1.411E-03  -5.791E-04
 -9.725E-01  -2.421E-01
  9.150E-01   2.837E-01
  9.231E-02  -8.643E-02
 -1.013E+00  -1.976E-01
  8.484E-01   3.193E-01
  1.891E-01  -1.680E-01
 -1.043E+00  -1.516E-01
  7.674E-01   3.453E-01
  2.911E-01  -2.406E-01
 -1.064E+00  -1.050E-01
  6.728E-01   3.571E-01
  3.986E-01  -2.991E-01
 -1.077E+00  -5.830E-02
  5.678E-01   3.500E-01
  5.091E-01  -3.388E-01
 -1.083E+00  -1.157E-02
  4.576E-01   3.217E-01
  6.175E-01  -3.572E-01
 -1.081E+00   3.515E-02
  3.480E-01   2.729E-01
  7.182E-01  -3.550E-01
 -1.072E+00   8.187E-02
  2.428E-01   2.073E-01
  8.067E-01  -3.361E-01
 -1.055E+00   1.285E-01
  1.433E-01   1.300E-01
  8.810E-01  -3.052E-01
 -1.030E+00   1.748E-01
  4.814E-02   4.603E-02
  9.411E-01  -2.665E-01
 -9.952E-01   2.202E-01
 -4.530E-02  -4.020E-02
  9.882E-01  -2.235E-01
 -9.490E-01   2.634E-01
 -1.402E-01  -1.245E-01
  1.024E+00  -1.783E-01
 -8.899E-01   3.024E-01
 -2.393E-01  -2.024E-01
  1.050E+00  -1.320E-01
 -8.167E-01   3.341E-01
 -3.441E-01  -2.690E-01
  1.067E+00  -8.532E-02
 -7.293E-01   3.540E-01
 -4.534E-01  -3.192E-01
  1.077E+00  -3.860E-02
 -6.294E-01   3.575E-01
 -5.637E-01  -3.492E-01
  1.079E+00   8.118E-03
 -5.214E-01   3.408E-01
 -6.693E-01  -3.578E-01
  1.074E+00   5.485E-02
 -4.109E-01   3.026E-01
 -7.648E-01  -3.473E-01
  1.062E+00   1.016E-01
 -3.032E-01   2.454E-01
 -8.468E-01  -3.222E-01
  1.041E+00   1.482E-01
 -2.007E-01   1.738E-01
 -9.145E-01  -2.872E-01
  1.012E+00   1.942E-01
 -1.036E-01   9.272E-02
 -9.685E-01  -2.462E-01
  9.722E-01   2.389E-01
 -9.775E-03   7.067E-03
 -1.010E+00  -2.019E-01
  9.203E-01   2.806E-01
  8.380E-02  -7.893E-02
 -1.041E+00  -1.560E-01
  8.550E-01   3.168E-01
  1.802E-01  -1.610E-01
 -1.063E+00  -1.095E-01
  7.753E-01   3.438E-01
  2.817E-01  -2.346E-01
 -1.077E+00  -6.280E-02
  6.819E-01   3.571E-01
  3.887E-01  -2.946E-01
 -1.083E+00  -1.607E-02
  5.777E-01   3.519E-01
  4.990E-01  -3.361E-01
 -1.082E+00   3.064E-02
  4.678E-01   3.255E-01
  6.078E-01  -3.565E-01
 -1.074E+00   7.736E-02
  3.579E-01   2.785E-01
  7.094E-01  -3.561E-01
 -1.058E+00   1.240E-01
  2.523E-01   2.143E-01
  7.991E-01  -3.386E-01
 -1.033E+00   1.704E-01
  1.523E-01   1.379E-01
  8.747E-01  -3.086E-01
 -9.992E-01   2.159E-01
  5.690E-02   5.433E-02
  9.360E-01  -2.705E-01
 -9.540E-01   2.594E-01
 -3.656E-02  -3.186E-02
  9.843E-01  -2.279E-01
 -8.962E-01   2.990E-01
 -1.312E-01  -1.165E-01
  1.021E+00  -1.827E-01
 -8.244E-01   3.315E-01
 -2.298E-01  -1.952E-01
  1.048E+00  -1.365E-01
 -7.382E-01   3.528E-01
 -3.340E-01  -2.631E-01
  1.066E+00  -8.990E-02
 -6.394E-01   3.580E-01
 -4.431E-01  -3.151E-01
  1.076E+00  -4.319E-02
 -5.319E-01   3.432E-01
 -5.535E-01  -3.471E-01
  1.079E+00   3.525E-03
 -4.213E-01   3.071E-01
 -6.598E-01  -3.576E-01
  1.075E+00   5.025E-02
 -3.131E-01   2.515E-01
 -7.564E-01  -3.487E-01
  1.063E+00   9.697E-02
 -2.101E-01   1.809E-01
 -8.398E-01  -3.248E-01
  1.044E+00   1.436E-01
 -1.126E-01   1.005E-01
 -9.088E-01  -2.905E-01
  1.015E+00   1.897E-01
 -1.853E-02   1.507E-02
 -9.640E-01  -2.499E-01
  9.762E-01   2.345E-01
  7.494E-02  -7.109E-02
 -1.007E+00  -2.058E-01
  9.255E-01   2.766E-01
  1.710E-01  -1.538E-01
 -1.039E+00  -1.600E-01
  8.615E-01   3.135E-01
  2.719E-01  -2.284E-01
 -1.061E+00  -1.135E-01
  7.831E-01   3.416E-01
  3.785E-01  -2.898E-01
 -1.076E+00  -6.679E-02
  6.908E-01   3.563E-01
  4.887E-01  -3.332E-01
 -1.083E+00  -2.005E-02
  5.874E-01   3.530E-01
  5.979E-01  -3.555E-01
 -1.082E+00   2.667E-02
  4.777E-01   3.286E-01
  7.004E-01  -3.570E-01
 -1.074E+00   7.340E-02
  3.676E-01   2.833E-01
  7.913E-01  -3.408E-01
 -1.059E+00   1.201E-01
  2.615E-01   2.204E-01
  8.682E-01  -3.117E-01
 -1.036E+00   1.665E-01
  1.610E-01   1.449E-01
  9.308E-01  -2.743E-01
 -1.003E+00   2.121E-01
  6.520E-02   6.187E-02
  9.803E-01  -2.319E-01
 -9.584E-01   2.559E-01
 -2.835E-02  -2.425E-02
  1.018E+00  -1.869E-01
 -9.018E-01   2.958E-01
 -1.228E-01  -1.092E-01
  1.046E+00  -1.408E-01
 -8.312E-01   3.291E-01
 -2.210E-01  -1.886E-01
  1.064E+00  -9.418E-02
 -7.463E-01   3.516E-01
 -3.247E-01  -2.577E-01
  1.075E+00  -4.746E-02
 -6.484E-01   3.584E-01
 -4.335E-01  -3.112E-01
  1.079E+00  -7.452E-04
 -5.414E-01   3.455E-01
 -5.440E-01  -3.450E-01
  1.075E+00   4.598E-02
 -4.310E-01   3.111E-01
 -6.509E-01  -3.574E-01
  1.064E+00   9.272E-02
 -3.224E-01   2.571E-01
 -7.486E-01  -3.501E-01
  1.046E+00   1.394E-01
 -2.189E-01   1.876E-01
 -8.332E-01  -3.272E-01
  1.018E+00   1.856E-01
 -1.210E-01   1.078E-01
 -9.035E-01  -2.937E-01
  9.800E-01   2.306E-01
 -2.675E-02   2.265E-02
 -9.599E-01  -2.535E-01
  9.305E-01   2.730E-01
  6.663E-02  -6.362E-02
 -1.004E+00  -2.096E-01
  8.677E-01   3.104E-01
  1.623E-01  -1.468E-01
 -1.037E+00  -1.639E-01
  7.906E-01   3.395E-01
  2.628E-01  -2.223E-01
 -1.060E+00  -1.175E-01
  6.995E-01   3.556E-01
  3.689E-01  -2.851E-01
 -1.075E+00  -7.077E-02
  5.969E-01   3.540E-01
  4.789E-01  -3.303E-01
 -1.082E+00  -2.403E-02
  4.876E-01   3.316E-01
  5.884E-01  -3.545E-01
 -1.083E+00   2.268E-02
  3.773E-01   2.881E-01
  6.917E-01  -3.577E-01
 -1.076E+00   6.940E-02
  2.707E-01   2.266E-01
  7.838E-01  -3.429E-01
 -1.061E+00   1.161E-01
  1.697E-01   1.520E-01
  8.620E-01  -3.148E-01
 -1.038E+00   1.625E-01
  7.361E-02   6.941E-02
  9.259E-01  -2.779E-01
 -1.006E+00   2.082E-01
 -1.999E-02  -1.659E-02
  9.764E-01  -2.359E-01
 -9.631E-01   2.522E-01
 -1.142E-01  -1.018E-01
  1.015E+00  -1.911E-01
 -9.077E-01   2.926E-01
 -2.119E-01  -1.819E-01
  1.044E+00  -1.450E-01
 -8.384E-01   3.266E-01
 -3.151E-01  -2.521E-01
  1.063E+00  -9.842E-02
 -7.548E-01   3.503E-01
 -4.234E-01  -3.073E-01
  1.075E+00  -5.171E-02
 -6.581E-01   3.587E-01
 -5.340E-01  -3.430E-01
  1.079E+00  -4.989E-03
 -5.518E-01   3.477E-01
 -6.414E-01  -3.573E-01
  1.076E+00   4.174E-02
 -4.414E-01   3.153E-01
 -7.401E-01  -3.517E-01
  1.066E+00   8.847E-02
 -3.325E-01   2.630E-01
 -8.260E-01  -3.301E-01
  1.048E+00   1.351E-01
 -2.285E-01   1.947E-01
 -8.976E-01  -2.974E-01
  1.021E+00   1.814E-01
 -1.301E-01   1.157E-01
 -9.552E-01  -2.577E-01
  9.840E-01   2.265E-01
 -3.562E-02   3.090E-02
 -1.000E+00  -2.141E-01
  9.356E-01   2.693E-01
  5.770E-02  -5.543E-02
 -1.034E+00  -1.686E-01
  8.741E-01   3.073E-01
  1.530E-01  -1.391E-01
 -1.058E+00  -1.221E-01
  7.983E-01   3.374E-01
  2.530E-01  -2.155E-01
 -1.074E+00  -7.545E-02
  7.085E-01   3.549E-01
  3.586E-01  -2.797E-01
 -1.082E+00  -2.871E-02
  6.068E-01   3.552E-01
  4.684E-01  -3.267E-01
 -1.083E+00   1.801E-02
  4.978E-01   3.347E-01
  5.782E-01  -3.530E-01
 -1.077E+00   6.473E-02
  3.874E-01   2.931E-01
  6.823E-01  -3.581E-01
 -1.063E+00   1.114E-01
  2.803E-01   2.331E-01
  7.756E-01  -3.448E-01
 -1.041E+00   1.579E-01
  1.788E-01   1.595E-01
  8.551E-01  -3.177E-01
 -1.010E+00   2.037E-01
  8.228E-02   7.744E-02
  9.203E-01  -2.815E-01
 -9.675E-01   2.479E-01
 -1.144E-02  -8.446E-03
  9.720E-01  -2.398E-01
 -9.133E-01   2.888E-01
 -1.055E-01  -9.392E-02
  1.012E+00  -1.952E-01
 -8.453E-01   3.236E-01
 -2.028E-01  -1.747E-01
  1.041E+00  -1.492E-01
 -7.629E-01   3.484E-01
 -3.055E-01  -2.461E-01
  1.061E+00  -1.026E-01
 -6.672E-01   3.584E-01
 -4.135E-01  -3.028E-01
  1.074E+00  -5.590E-02
 -5.615E-01   3.493E-01
 -5.241E-01  -3.404E-01
  1.079E+00  -9.181E-03
 -4.512E-01   3.188E-01
 -6.321E-01  -3.566E-01
  1.076E+00   3.754E-02
 -3.419E-01   2.680E-01
 -7.318E-01  -3.526E-01
  1.067E+00   8.427E-02
 -2.374E-01   2.010E-01
 -8.190E-01  -3.322E-01
  1.049E+00   1.309E-01
 -1.385E-01   1.227E-01
 -8.919E-01  -3.003E-01
  1.023E+00   1.773E-01
 -4.382E-02   3.817E-02
 -9.507E-01  -2.610E-01
  9.875E-01   2.226E-01
  4.948E-02  -4.821E-02
 -9.967E-01  -2.176E-01
  9.402E-01   2.656E-01
  1.445E-01  -1.323E-01
 -1.031E+00  -1.722E-01
  8.799E-01   3.042E-01
  2.440E-01  -2.095E-01
 -1.056E+00  -1.258E-01
  8.054E-01   3.350E-01
  3.491E-01  -2.750E-01
 -1.073E+00  -7.909E-02
  7.167E-01   3.538E-01
  4.587E-01  -3.237E-01
 -1.082E+00  -3.235E-02
  6.159E-01   3.558E-01
  5.687E-01  -3.519E-01
 -1.083E+00   1.437E-02
  5.074E-01   3.372E-01
  6.735E-01  -3.587E-01
 -1.078E+00   6.110E-02
  3.969E-01   2.974E-01
  7.679E-01  -3.469E-01
 -1.064E+00   1.078E-01
  2.894E-01   2.388E-01
  8.487E-01  -3.208E-01
 -1.043E+00   1.543E-01
  1.874E-01   1.662E-01
  9.151E-01  -2.853E-01
 -1.013E+00   2.002E-01
  9.052E-02   8.475E-02
  9.680E-01  -2.440E-01
 -9.718E-01   2.446E-01
 -3.330E-03  -9.373E-04
  1.009E+00  -1.995E-01
 -9.187E-01   2.858E-01
 -9.721E-02  -8.659E-02
  1.039E+00  -1.536E-01
 -8.520E-01   3.213E-01
 -1.942E-01  -1.679E-01
  1.060E+00  -1.071E-01
 -7.710E-01   3.471E-01
 -2.963E-01  -2.403E-01
  1.073E+00  -6.040E-02
 -6.764E-01   3.586E-01
 -4.039E-01  -2.985E-01
  1.079E+00  -1.368E-02
 -5.714E-01   3.513E-01
 -5.144E-01  -3.379E-01
  1.077E+00   3.304E-02
 -4.613E-01   3.228E-01
 -6.228E-01  -3.561E-01
  1.068E+00   7.977E-02
 -3.519E-01   2.737E-01
 -7.235E-01  -3.538E-01
  1.051E+00   1.265E-01
 -2.469E-01   2.080E-01
 -8.119E-01  -3.347E-01
  1.026E+00   1.728E-01
 -1.475E-01   1.305E-01
 -8.861E-01  -3.036E-01
  9.914E-01   2.183E-01
 -5.257E-02   4.636E-02
 -9.461E-01  -2.649E-01
  9.452E-01   2.616E-01
  4.069E-02  -4.003E-02
 -9.932E-01  -2.218E-01
  8.862E-01   3.007E-01
  1.354E-01  -1.245E-01
 -1.029E+00  -1.765E-01
  8.130E-01   3.325E-01
  2.344E-01  -2.026E-01
 -1.055E+00  -1.302E-01
  7.257E-01   3.527E-01
  3.389E-01  -2.694E-01
 -1.072E+00  -8.351E-02
  6.258E-01   3.564E-01
  4.482E-01  -3.199E-01
 -1.081E+00  -3.678E-02
  5.177E-01   3.398E-01
  5.584E-01  -3.501E-01
 -1.084E+00   9.938E-03
  4.072E-01   3.019E-01
  6.640E-01  -3.589E-01
 -1.079E+00   5.665E-02
  2.992E-01   2.450E-01
  7.595E-01  -3.486E-01
 -1.066E+00   1.034E-01
  1.966E-01   1.735E-01
  8.416E-01  -3.236E-01
 -1.046E+00   1.499E-01
  9.935E-02   9.260E-02
  9.094E-01  -2.888E-01
 -1.016E+00   1.959E-01
  5.339E-03   7.114E-03
  9.634E-01  -2.479E-01
 -9.762E-01   2.405E-01
 -8.841E-02  -7.872E-02
  1.005E+00  -2.036E-01
 -9.243E-01   2.821E-01
 -1.850E-01  -1.607E-01
  1.036E+00  -1.578E-01
 -8.589E-01   3.182E-01
 -2.866E-01  -2.341E-01
  1.058E+00  -1.113E-01
 -7.791E-01   3.451E-01
 -3.937E-01  -2.938E-01
  1.072E+00  -6.461E-02
 -6.857E-01   3.582E-01
 -5.042E-01  -3.352E-01
  1.078E+00  -1.789E-02
 -5.814E-01   3.528E-01
 -6.131E-01  -3.553E-01
  1.077E+00   2.883E-02
 -4.716E-01   3.262E-01
 -7.146E-01  -3.548E-01
  1.069E+00   7.557E-02
 -3.618E-01   2.789E-01
 -8.043E-01  -3.370E-01
  1.053E+00   1.223E-01
 -2.563E-01   2.145E-01
 -8.798E-01  -3.068E-01
  1.029E+00   1.687E-01
 -1.564E-01   1.378E-01
 -9.411E-01  -2.687E-01
  9.947E-01   2.143E-01
 -6.112E-02   5.412E-02
 -9.893E-01  -2.259E-01
  9.496E-01   2.578E-01
  3.220E-02  -3.225E-02
 -1.026E+00  -1.807E-01
  8.918E-01   2.975E-01
  1.267E-01  -1.171E-01
 -1.053E+00  -1.344E-01
  8.199E-01   3.301E-01
  2.252E-01  -1.959E-01
 -1.071E+00  -8.776E-02
  7.338E-01   3.515E-01
  3.293E-01  -2.640E-01
 -1.081E+00  -4.102E-02
  6.349E-01   3.568E-01
  4.383E-01  -3.161E-01
 -1.084E+00   5.703E-03
  5.273E-01   3.422E-01
  5.487E-01  -3.481E-01
 -1.079E+00   5.242E-02
  4.167E-01   3.061E-01
  6.549E-01  -3.588E-01
 -1.068E+00   9.913E-02
  3.084E-01   2.506E-01
  7.515E-01  -3.500E-01
 -1.048E+00   1.457E-01
  2.053E-01   1.802E-01
  8.349E-01  -3.262E-01
 -1.019E+00   1.918E-01
  1.076E-01   9.993E-02
  9.039E-01  -2.920E-01
 -9.802E-01   2.365E-01
  1.340E-02   1.467E-02
  9.591E-01  -2.515E-01
 -9.294E-01   2.785E-01
 -8.024E-02  -7.131E-02
  1.002E+00  -2.075E-01
 -8.652E-01   3.152E-01
 -1.765E-01  -1.538E-01
  1.034E+00  -1.618E-01
 -7.868E-01   3.431E-01
 -2.776E-01  -2.281E-01
  1.057E+00  -1.153E-01
 -6.944E-01   3.576E-01
 -3.843E-01  -2.893E-01
  1.071E+00  -6.861E-02
 -5.910E-01   3.540E-01
 -4.946E-01  -3.324E-01
  1.078E+00  -2.189E-02
 -4.813E-01   3.293E-01
 -6.039E-01  -3.544E-01
  1.078E+00   2.482E-02
 -3.714E-01   2.837E-01
 -7.064E-01  -3.555E-01
  1.070E+00   7.155E-02
 -2.654E-01   2.206E-01
 -7.972E-01  -3.391E-01
  1.055E+00   1.183E-01
 -1.651E-01   1.448E-01
 -8.740E-01  -3.098E-01
  1.031E+00   1.647E-01
 -6.950E-02   6.152E-02
 -9.365E-01  -2.722E-01
  9.982E-01   2.104E-01
  2.383E-02  -2.478E-02
 -9.858E-01  -2.297E-01
  9.542E-01   2.542E-01
  1.181E-01  -1.099E-01
 -1.023E+00  -1.846E-01
  8.976E-01   2.943E-01
  2.161E-01  -1.895E-01
 -1.051E+00  -1.384E-01
  8.271E-01   3.276E-01
  3.196E-01  -2.587E-01
 -1.070E+00  -9.178E-02
  7.422E-01   3.502E-01
  4.282E-01  -3.125E-01
 -1.080E+00  -4.504E-02
  6.444E-01   3.572E-01
  5.386E-01  -3.465E-01
 -1.084E+00   1.686E-03
  5.374E-01   3.445E-01
  6.454E-01  -3.590E-01
 -1.080E+00   4.840E-02
  4.269E-01   3.104E-01
  7.431E-01  -3.519E-01
 -1.069E+00   9.511E-02
  3.182E-01   2.565E-01
  8.277E-01  -3.293E-01
 -1.050E+00   1.417E-01
  2.146E-01   1.873E-01
  8.980E-01  -2.959E-01
 -1.022E+00   1.878E-01
  1.165E-01   1.078E-01
  9.545E-01  -2.559E-01
 -9.844E-01   2.328E-01
  2.208E-02   2.286E-02
  9.984E-01  -2.122E-01
 -9.348E-01   2.751E-01
 -7.148E-02  -6.319E-02
  1.031E+00  -1.666E-01
 -8.719E-01   3.124E-01
 -1.673E-01  -1.462E-01
  1.055E+00  -1.201E-01
 -7.948E-01   3.413E-01
 -2.680E-01  -2.215E-01
  1.070E+00  -7.347E-02
 -7.037E-01   3.572E-01
 -3.742E-01  -2.841E-01
  1.077E+00  -2.675E-02
 -6.011E-01   3.555E-01
 -4.843E-01  -3.290E-01
  1.078E+00   1.996E-02
 -4.918E-01   3.328E-01
 -5.939E-01  -3.530E-01
  1.071E+00   6.670E-02
 -3.816E-01   2.891E-01
 -6.972E-01  -3.560E-01
  1.056E+00   1.134E-01
 -2.752E-01   2.273E-01
 -7.893E-01  -3.410E-01
  1.034E+00   1.599E-01
 -1.743E-01   1.525E-01
 -8.674E-01  -3.128E-01
  1.002E+00   2.057E-01
 -7.838E-02   6.974E-02
 -9.312E-01  -2.757E-01
  9.586E-01   2.498E-01
  1.503E-02  -1.648E-02
 -9.817E-01  -2.336E-01
  9.033E-01   2.903E-01
  1.091E-01  -1.019E-01
 -1.020E+00  -1.887E-01
  8.340E-01   3.245E-01
  2.067E-01  -1.823E-01
 -1.049E+00  -1.426E-01
  7.504E-01   3.483E-01
  3.097E-01  -2.527E-01
 -1.068E+00  -9.593E-02
  6.536E-01   3.570E-01
  4.180E-01  -3.081E-01
 -1.080E+00  -4.919E-02
  5.472E-01   3.462E-01
  5.285E-01  -3.440E-01
 -1.084E+00  -2.464E-03
  4.367E-01   3.140E-01
  6.359E-01  -3.585E-01
 -1.081E+00   4.425E-02
  3.276E-01   2.618E-01
  7.346E-01  -3.530E-01
 -1.070E+00   9.096E-02
  2.235E-01   1.937E-01
  8.205E-01  -3.316E-01
 -1.052E+00   1.376E-01
  1.249E-01   1.149E-01
  8.922E-01  -2.989E-01
 -1.025E+00   1.838E-01
  3.020E-02   3.020E-02
  9.498E-01  -2.593E-01
 -9.881E-01   2.288E-01
 -6.333E-02  -5.594E-02
  9.948E-01  -2.158E-01
 -9.396E-01   2.715E-01
 -1.589E-01  -1.394E-01
  1.029E+00  -1.703E-01
 -8.780E-01   3.093E-01
 -2.590E-01  -2.155E-01
  1.053E+00  -1.239E-01
 -8.021E-01   3.391E-01
 -3.648E-01  -2.794E-01
  1.069E+00  -7.722E-02
 -7.121E-01   3.564E-01
 -4.748E-01  -3.261E-01
  1.077E+00  -3.050E-02
 -6.104E-01   3.563E-01
 -5.846E-01  -3.520E-01
  1.078E+00   1.622E-02
 -5.014E-01   3.355E-01
 -6.887E-01  -3.567E-01
  1.072E+00   6.296E-02
 -3.912E-01   2.935E-01
 -7.819E-01  -3.431E-01
  1.058E+00   1.097E-01
 -2.843E-01   2.332E-01
 -8.613E-01  -3.158E-01
  1.036E+00   1.562E-01
 -1.829E-01   1.593E-01
 -9.263E-01  -2.794E-01
  1.005E+00   2.021E-01
 -8.664E-02   7.704E-02
 -9.779E-01  -2.376E-01
  9.628E-01   2.464E-01
  6.870E-03  -9.042E-03
 -1.018E+00  -1.929E-01
  9.086E-01   2.873E-01
  1.007E-01  -9.469E-02
 -1.047E+00  -1.468E-01
  8.406E-01   3.222E-01
  1.979E-01  -1.756E-01
 -1.067E+00  -1.002E-01
  7.583E-01   3.471E-01
  3.004E-01  -2.471E-01
 -1.079E+00  -5.350E-02
  6.626E-01   3.572E-01
  4.083E-01  -3.040E-01
 -1.084E+00  -6.777E-03
  5.568E-01   3.483E-01
  5.188E-01  -3.418E-01
 -1.082E+00   3.994E-02
  4.465E-01   3.179E-01
  6.267E-01  -3.582E-01
 -1.072E+00   8.665E-02
  3.372E-01   2.674E-01
  7.263E-01  -3.543E-01
 -1.054E+00   1.333E-01
  2.325E-01   2.005E-01
  8.135E-01  -3.341E-01
 -1.028E+00   1.795E-01
  1.335E-01   1.225E-01
  8.864E-01  -3.023E-01
 -9.922E-01   2.248E-01
  3.864E-02   3.817E-02
  9.452E-01  -2.632E-01
 -9.448E-01   2.677E-01
 -5.483E-02  -4.800E-02
  9.913E-01  -2.200E-01
 -8.845E-01   3.061E-01
 -1.500E-01  -1.318E-01
  1.026E+00  -1.746E-01
 -8.099E-01   3.369E-01
 -2.497E-01  -2.089E-01
  1.051E+00  -1.282E-01
 -7.212E-01   3.555E-01
 -3.549E-01  -2.741E-01
  1.068E+00  -8.160E-02
 -6.204E-01   3.572E-01
 -4.646E-01  -3.226E-01
  1.077E+00  -3.489E-02
 -5.119E-01   3.384E-01
 -5.747E-01  -3.505E-01
  1.078E+00   1.182E-02
 -4.015E-01   2.983E-01
 -6.796E-01  -3.571E-01
  1.073E+00   5.855E-02
 -2.941E-01   2.395E-01
 -7.739E-01  -3.450E-01
  1.060E+00   1.053E-01
 -1.923E-01   1.667E-01
 -8.546E-01  -3.188E-01
  1.038E+00   1.518E-01
 -9.559E-02   8.494E-02
 -9.210E-01  -2.830E-01
  1.008E+00   1.978E-01
 -1.946E-03  -9.737E-04
 -9.737E-01  -2.416E-01
  9.672E-01   2.423E-01
  9.172E-02  -8.685E-02
 -1.014E+00  -1.971E-01
  9.142E-01   2.836E-01
  1.885E-01  -1.684E-01
 -1.045E+00  -1.511E-01
  8.475E-01   3.192E-01
  2.904E-01  -2.410E-01
 -1.065E+00  -1.045E-01
  7.665E-01   3.452E-01
  3.979E-01  -2.995E-01
 -1.078E+00  -5.775E-02
  6.719E-01   3.570E-01
  5.083E-01  -3.392E-01
 -1.084E+00  -1.102E-02
  5.669E-01   3.499E-01
  6.167E-01  -3.576E-01
 -1.082E+00   3.570E-02
  4.567E-01   3.216E-01
  7.173E-01  -3.555E-01
 -1.073E+00   8.242E-02
  3.471E-01   2.728E-01
  8.057E-01  -3.366E-01
 -1.056E+00   1.291E-01
  2.419E-01   2.073E-01
  8.800E-01  -3.057E-01
 -1.031E+00   1.754E-01
  1.424E-01   1.301E-01
  9.401E-01  -2.672E-01
 -9.959E-01   2.208E-01
  4.719E-02   4.614E-02
  9.872E-01  -2.242E-01
 -9.496E-01   2.640E-01
 -4.631E-02  -4.003E-02
  1.023E+00  -1.790E-01
 -8.904E-01   3.029E-01
 -1.413E-01  -1.243E-01
  1.049E+00  -1.327E-01
 -8.172E-01   3.345E-01
 -2.405E-01  -2.021E-01
  1.066E+00  -8.605E-02
 -7.297E-01   3.544E-01
 -3.453E-01  -2.687E-01
  1.076E+00  -3.934E-02
 -6.298E-01   3.578E-01
 -4.547E-01  -3.188E-01
  1.078E+00   7.376E-03
 -5.217E-01   3.409E-01
 -5.651E-01  -3.486E-01
  1.073E+00   5.411E-02
 -4.112E-01   3.027E-01
 -6.706E-01  -3.571E-01
  1.061E+00   1.008E-01
 -3.034E-01   2.453E-01
 -7.661E-01  -3.465E-01
  1.040E+00   1.474E-01
 -2.010E-01   1.735E-01
 -8.481E-01  -3.212E-01
  1.011E+00   1.935E-01
 -1.040E-01   9.237E-02
 -9.157E-01  -2.862E-01
  9.711E-01   2.382E-01
 -1.018E-02   6.634E-03
 -9.697E-01  -2.451E-01
  9.192E-01   2.799E-01
  8.336E-02  -7.943E-02
 -1.011E+00  -2.008E-01
  8.538E-01   3.162E-01
  1.797E-01  -1.616E-01
 -1.042E+00  -1.548E-01
  7.740E-01   3.432E-01
  2.812E-01  -2.352E-01
 -1.064E+00  -1.083E-01
  6.805E-01   3.564E-01
  3.883E-01  -2.951E-01
 -1.078E+00  -6.157E-02
  5.762E-01   3.512E-01
  4.986E-01  -3.366E-01
 -1.084E+00  -1.484E-02
  4.663E-01   3.247E-01
  6.074E-01  -3.569E-01
 -1.083E+00   3.188E-02
  3.564E-01   2.776E-01
  7.090E-01  -3.565E-01
 -1.074E+00   7.859E-02
  2.508E-01   2.133E-01
  7.986E-01  -3.388E-01
 -1.058E+00   1.252E-01
  1.508E-01   1.369E-01
  8.741E-01  -3.088E-01
 -1.034E+00   1.716E-01
  5.529E-02   5.336E-02
  9.354E-01  -2.707E-01
 -9.996E-01   2.171E-01
 -3.821E-02  -3.278E-02
  9.837E-01  -2.280E-01
 -9.543E-01   2.605E-01
 -1.329E-01  -1.173E-01
  1.020E+00  -1.829E-01
 -8.964E-01   2.999E-01
 -2.316E-01  -1.959E-01
  1.047E+00  -1.367E-01
 -8.244E-01   3.323E-01
 -3.359E-01  -2.637E-01
  1.065E+00  -9.006E-02
 -7.382E-01   3.534E-01
 -4.450E-01  -3.154E-01
  1.075E+00  -4.335E-02
 -6.393E-01   3.585E-01
 -5.554E-01  -3.472E-01
  1.078E+00   3.372E-03
 -5.318E-01   3.435E-01
 -6.616E-01  -3.575E-01
  1.074E+00   5.010E-02
 -4.214E-01   3.071E-01
 -7.581E-01  -3.485E-01
  1.062E+00   9.684E-02
 -3.132E-01   2.514E-01
 -8.414E-01  -3.245E-01
  1.043E+00   1.435E-01
 -2.104E-01   1.807E-01
 -9.103E-01  -2.901E-01
  1.014E+00   1.896E-01
 -1.129E-01   1.003E-01
 -9.654E-01  -2.495E-01
  9.753E-01   2.344E-01
 -1.893E-02   1.480E-02
 -1.008E+00  -2.054E-01
  9.246E-01   2.765E-01
  7.449E-02  -7.139E-02
 -1.040E+00  -1.596E-01
  8.605E-01   3.134E-01
  1.705E-01  -1.541E-01
 -1.063E+00  -1.131E-01
  7.821E-01   3.415E-01
  2.714E-01  -2.287E-01
 -1.077E+00  -6.639E-02
  6.898E-01   3.562E-01
  3.780E-01  -2.901E-01
 -1.084E+00  -1.966E-02
  5.863E-01   3.528E-01
  4.882E-01  -3.334E-01
 -1.083E+00   2.706E-02
  4.767E-01   3.284E-01
  5.974E-01  -3.557E-01
 -1.075E+00   7.377E-02
  3.666E-01   2.831E-01
  6.998E-01  -3.572E-01
 -1.060E+00   1.204E-01
  2.604E-01   2.202E-01
  7.906E-01  -3.410E-01
 -1.037E+00   1.669E-01
  1.599E-01   1.447E-01
  8.675E-01  -3.119E-01
 -1.003E+00   2.125E-01
  6.410E-02   6.168E-02
  9.301E-01  -2.744E-01
 -9.592E-01   2.562E-01
 -2.946E-02  -2.441E-02
  9.795E-01  -2.320E-01
 -9.025E-01   2.961E-01
 -1.239E-01  -1.093E-01
  1.017E+00  -1.871E-01
 -8.318E-01   3.294E-01
 -2.222E-01  -1.887E-01
  1.045E+00  -1.409E-01
 -7.469E-01   3.518E-01
 -3.259E-01  -2.577E-01
  1.064E+00  -9.435E-02
 -6.490E-01   3.585E-01
 -4.347E-01  -3.112E-01
  1.074E+00  -4.764E-02
 -5.419E-01   3.455E-01
 -5.453E-01  -3.449E-01
  1.078E+00  -9.201E-04
 -4.315E-01   3.110E-01
 -6.522E-01  -3.571E-01
  1.074E+00   4.581E-02
 -3.229E-01   2.569E-01
 -7.498E-01  -3.497E-01
  1.063E+00   9.254E-02
 -2.194E-01   1.873E-01
 -8.344E-01  -3.268E-01
  1.045E+00   1.392E-01
 -1.215E-01   1.075E-01
 -9.046E-01  -2.932E-01
  1.017E+00   1.854E-01
 -2.732E-02   2.231E-02
 -9.609E-01  -2.530E-01
  9.790E-01   2.304E-01
  6.604E-02  -6.400E-02
 -1.005E+00  -2.091E-01
  9.294E-01   2.728E-01
  1.617E-01  -1.472E-01
 -1.038E+00  -1.634E-01
  8.665E-01   3.103E-01
  2.622E-01  -2.227E-01
 -1.061E+00  -1.169E-01
  7.894E-01   3.393E-01
  3.683E-01  -2.855E-01
 -1.076E+00  -7.015E-02
  6.983E-01   3.554E-01
  4.783E-01  -3.306E-01
 -1.083E+00  -2.341E-02
  5.956E-01   3.538E-01
  5.878E-01  -3.548E-01
 -1.083E+00   2.331E-02
  4.862E-01   3.312E-01
  6.911E-01  -3.580E-01
 -1.076E+00   7.003E-02
  3.760E-01   2.877E-01
  7.831E-01  -3.432E-01
 -1.062E+00   1.167E-01
  2.694E-01   2.262E-01
  8.612E-01  -3.150E-01
 -1.039E+00   1.632E-01
  1.684E-01   1.516E-01
  9.250E-01  -2.781E-01
 -1.007E+00   2.089E-01
  7.222E-02   6.900E-02
  9.756E-01  -2.361E-01
 -9.635E-01   2.528E-01
 -2.143E-02  -1.697E-02
  1.014E+00  -1.913E-01
 -9.080E-01   2.932E-01
 -1.157E-01  -1.021E-01
  1.043E+00  -1.453E-01
 -8.386E-01   3.271E-01
 -2.135E-01  -1.822E-01
  1.062E+00  -9.868E-02
 -7.549E-01   3.506E-01
 -3.168E-01  -2.522E-01
  1.074E+00  -5.198E-02
 -6.580E-01   3.589E-01
 -4.252E-01  -3.072E-01
  1.078E+00  -5.267E-03
 -5.517E-01   3.478E-01
 -5.358E-01  -3.428E-01
  1.075E+00   4.146E-02
 -4.413E-01   3.152E-01
 -6.432E-01  -3.569E-01
  1.065E+00   8.819E-02
 -3.324E-01   2.626E-01
 -7.419E-01  -3.511E-01
  1.047E+00   1.349E-01
 -2.285E-01   1.942E-01
 -8.277E-01  -3.293E-01
  1.020E+00   1.811E-01
 -1.302E-01   1.151E-01
 -8.992E-01  -2.965E-01
  9.830E-01   2.263E-01
 -3.580E-02   3.020E-02
 -9.567E-01  -2.568E-01
  9.345E-01   2.690E-01
  5.747E-02  -5.619E-02
 -1.002E+00  -2.131E-01
  8.729E-01   3.071E-01
  1.528E-01  -1.398E-01
 -1.035E+00  -1.675E-01
  7.971E-01   3.371E-01
  2.527E-01  -2.163E-01
 -1.059E+00  -1.211E-01
  7.072E-01   3.545E-01
  3.583E-01  -2.804E-01
 -1.075E+00  -7.437E-02
  6.055E-01   3.547E-01
  4.681E-01  -3.274E-01
 -1.083E+00  -2.763E-02
  4.965E-01   3.342E-01
  5.779E-01  -3.536E-01
 -1.084E+00   1.908E-02
  3.861E-01   2.925E-01
  6.819E-01  -3.586E-01
 -1.078E+00   6.579E-02
  2.790E-01   2.325E-01
  7.751E-01  -3.452E-01
 -1.064E+00   1.125E-01
  1.775E-01   1.589E-01
  8.546E-01  -3.181E-01
 -1.042E+00   1.590E-01
  8.097E-02   7.686E-02
  9.197E-01  -2.819E-01
 -1.010E+00   2.047E-01
 -1.277E-02  -8.974E-03
  9.713E-01  -2.402E-01
 -9.682E-01   2.489E-01
 -1.068E-01  -9.438E-02
  1.011E+00  -1.956E-01
 -9.139E-01   2.897E-01
 -2.042E-01  -1.751E-01
  1.040E+00  -1.496E-01
 -8.459E-01   3.244E-01
 -3.069E-01  -2.463E-01
  1.061E+00  -1.030E-01
 -7.635E-01   3.491E-01
 -4.149E-01  -3.029E-01
  1.073E+00  -5.633E-02
 -6.677E-01   3.590E-01
 -5.255E-01  -3.404E-01
  1.078E+00  -9.605E-03
 -5.620E-01   3.498E-01
 -6.334E-01  -3.566E-01
  1.076E+00   3.712E-02
 -4.518E-01   3.192E-01
 -7.331E-01  -3.525E-01
  1.066E+00   8.386E-02
 -3.426E-01   2.683E-01
 -8.202E-01  -3.320E-01
  1.049E+00   1.305E-01
 -2.381E-01   2.012E-01
 -8.930E-01  -3.001E-01
  1.023E+00   1.769E-01
 -1.393E-01   1.229E-01
 -9.518E-01  -2.608E-01
  9.866E-01   2.222E-01
 -4.459E-02   3.837E-02
 -9.977E-01  -2.175E-01
  9.393E-01   2.652E-01
  4.867E-02  -4.805E-02
 -1.032E+00  -1.720E-01
  8.790E-01   3.039E-01
  1.437E-01  -1.321E-01
 -1.057E+00  -1.256E-01
  8.045E-01   3.348E-01
  2.432E-01  -2.094E-01
 -1.074E+00  -7.890E-02
  7.158E-01   3.536E-01
  3.483E-01  -2.750E-01
 -1.083E+00  -3.217E-02
  6.149E-01   3.555E-01
  4.579E-01  -3.236E-01
 -1.084E+00   1.456E-02
  5.063E-01   3.369E-01
  5.679E-01  -3.518E-01
 -1.078E+00   6.128E-02
  3.957E-01   2.971E-01
  6.728E-01  -3.586E-01
 -1.065E+00   1.080E-01
  2.882E-01   2.385E-01
  7.671E-01  -3.467E-01
 -1.044E+00   1.545E-01
  1.862E-01   1.659E-01
  8.479E-01  -3.206E-01
 -1.013E+00   2.004E-01
  8.927E-02   8.439E-02
  9.143E-01  -2.850E-01
 -9.724E-01   2.448E-01
 -4.612E-03  -1.306E-03
  9.671E-01  -2.437E-01
 -9.192E-01   2.860E-01
 -9.854E-02  -8.694E-02
  1.008E+00  -1.993E-01
 -8.524E-01   3.214E-01
 -1.955E-01  -1.683E-01
  1.038E+00  -1.534E-01
 -7.713E-01   3.471E-01
 -2.978E-01  -2.405E-01
  1.059E+00  -1.068E-01
 -6.766E-01   3.585E-01
 -4.054E-01  -2.987E-01
  1.072E+00  -6.015E-02
 -5.715E-01   3.511E-01
 -5.160E-01  -3.380E-01
  1.078E+00  -1.343E-02
 -4.614E-01   3.224E-01
 -6.244E-01  -3.559E-01
  1.076E+00   3.329E-02
 -3.519E-01   2.732E-01
 -7.250E-01  -3.535E-01
  1.067E+00   8.003E-02
 -2.470E-01   2.073E-01
 -8.134E-01  -3.343E-01
  1.050E+00   1.267E-01
 -1.477E-01   1.297E-01
 -8.875E-01  -3.031E-01
  1.025E+00   1.731E-01
 -5.275E-02   4.551E-02
 -9.474E-01  -2.643E-01
  9.901E-01   2.185E-01
  4.050E-02  -4.091E-02
 -9.944E-01  -2.212E-01
  9.439E-01   2.618E-01
  1.352E-01  -1.254E-01
 -1.030E+00  -1.758E-01
  8.848E-01   3.009E-01
  2.342E-01  -2.034E-01
 -1.056E+00  -1.295E-01
  8.116E-01   3.326E-01
  3.388E-01  -2.702E-01
 -1.073E+00  -8.278E-02
  7.241E-01   3.527E-01
  4.480E-01  -3.205E-01
 -1.082E+00  -3.603E-02
  6.242E-01   3.563E-01
  5.582E-01  -3.506E-01
 -1.084E+00   1.069E-02
  5.161E-01   3.396E-01
  6.637E-01  -3.593E-01
 -1.079E+00   5.741E-02
  4.056E-01   3.016E-01
  7.591E-01  -3.489E-01
 -1.067E+00   1.041E-01
  2.977E-01   2.445E-01
  8.411E-01  -3.239E-01
 -1.046E+00   1.507E-01
  1.952E-01   1.730E-01
  9.088E-01  -2.891E-01
 -1.017E+00   1.966E-01
  9.789E-02   9.218E-02
  9.628E-01  -2.482E-01
 -9.768E-01   2.412E-01
  3.870E-03   6.724E-03
  1.005E+00  -2.040E-01
 -9.248E-01   2.828E-01
 -8.991E-02  -7.905E-02
  1.036E+00  -1.582E-01
 -8.594E-01   3.188E-01
 -1.865E-01  -1.609E-01
  1.058E+00  -1.117E-01
 -7.796E-01   3.456E-01
 -2.882E-01  -2.342E-01
  1.071E+00  -6.499E-02
 -6.860E-01   3.586E-01
 -3.954E-01  -2.939E-01
  1.077E+00  -1.828E-02
 -5.818E-01   3.531E-01
 -5.058E-01  -3.350E-01
  1.076E+00   2.844E-02
 -4.719E-01   3.263E-01
 -6.147E-01  -3.550E-01
  1.068E+00   7.518E-02
 -3.622E-01   2.789E-01
 -7.162E-01  -3.544E-01
  1.052E+00   1.219E-01
 -2.567E-01   2.144E-01
 -8.058E-01  -3.365E-01
  1.028E+00   1.683E-01
 -1.569E-01   1.377E-01
 -8.812E-01  -3.063E-01
  9.939E-01   2.139E-01
 -6.171E-02   5.389E-02
 -9.425E-01  -2.680E-01
  9.488E-01   2.575E-01
  3.154E-02  -3.251E-02
 -9.906E-01  -2.252E-01
  8.909E-01   2.971E-01
  1.260E-01  -1.174E-01
 -1.027E+00  -1.800E-01
  8.190E-01   3.297E-01
  2.245E-01  -1.963E-01
 -1.054E+00  -1.337E-01
  7.328E-01   3.511E-01
  3.285E-01  -2.643E-01
 -1.072E+00  -8.705E-02
  6.339E-01   3.565E-01
  4.375E-01  -3.164E-01
 -1.082E+00  -4.031E-02
  5.263E-01   3.418E-01
  5.479E-01  -3.485E-01
 -1.085E+00   6.415E-03
  4.157E-01   3.057E-01
  6.541E-01  -3.591E-01
 -1.080E+00   5.313E-02
  3.073E-01   2.503E-01
  7.506E-01  -3.504E-01
 -1.068E+00   9.983E-02
  2.042E-01   1.799E-01
  8.340E-01  -3.265E-01
 -1.049E+00   1.464E-01
  1.065E-01   9.964E-02
  9.030E-01  -2.923E-01
 -1.020E+00   1.924E-01
  1.227E-02   1.441E-02
  9.582E-01  -2.519E-01
 -9.808E-01   2.372E-01
 -8.143E-02  -7.152E-02
  1.001E+00  -2.078E-01
 -9.300E-01   2.791E-01
 -1.777E-01  -1.539E-01
  1.033E+00  -1.621E-01
 -8.658E-01   3.158E-01
 -2.789E-01  -2.282E-01
  1.056E+00  -1.157E-01
 -7.872E-01   3.436E-01
 -3.856E-01  -2.893E-01
  1.070E+00  -6.897E-02
 -6.948E-01   3.580E-01
 -4.960E-01  -3.323E-01
  1.077E+00  -2.225E-02
 -5.913E-01   3.543E-01
 -6.053E-01  -3.542E-01
  1.076E+00   2.447E-02
 -4.817E-01   3.294E-01
 -7.077E-01  -3.552E-01
  1.069E+00   7.122E-02
 -3.718E-01   2.837E-01
 -7.984E-01  -3.387E-01
  1.054E+00   1.179E-01
 -2.658E-01   2.205E-01
 -8.752E-01  -3.094E-01
  1.030E+00   1.644E-01
 -1.655E-01   1.447E-01
 -9.376E-01  -2.717E-01
  9.971E-01   2.101E-01
 -6.999E-02   6.133E-02
 -9.869E-01  -2.292E-01
  9.530E-01   2.539E-01
  2.333E-02  -2.501E-02
 -1.024E+00  -1.841E-01
  8.963E-01   2.940E-01
  1.176E-01  -1.102E-01
 -1.052E+00  -1.379E-01
  8.257E-01   3.274E-01
  2.156E-01  -1.898E-01
 -1.071E+00  -9.123E-02
  7.408E-01   3.499E-01
  3.192E-01  -2.590E-01
 -1.081E+00  -4.449E-02
  6.429E-01   3.569E-01
  4.278E-01  -3.126E-01
 -1.085E+00   2.231E-03
  5.358E-01   3.441E-01
  5.383E-01  -3.465E-01
 -1.081E+00   4.895E-02
  4.253E-01   3.098E-01
  6.451E-01  -3.590E-01
 -1.070E+00   9.565E-02
  3.166E-01   2.559E-01
  7.427E-01  -3.518E-01
 -1.051E+00   1.422E-01
  2.130E-01   1.866E-01
  8.273E-01  -3.291E-01
 -1.023E+00   1.884E-01
  1.149E-01   1.070E-01
  8.975E-01  -2.957E-01
 -9.850E-01   2.333E-01
  2.046E-02   2.208E-02
  9.539E-01  -2.556E-01
 -9.353E-01   2.755E-01
 -7.313E-02  -6.396E-02
  9.977E-01  -2.118E-01
 -8.723E-01   3.128E-01
 -1.690E-01  -1.469E-01
  1.031E+00  -1.662E-01
 -7.951E-01   3.416E-01
 -2.697E-01  -2.221E-01
  1.054E+00  -1.198E-01
 -7.039E-01   3.574E-01
 -3.760E-01  -2.845E-01
  1.069E+00  -7.313E-02
 -6.012E-01   3.555E-01
 -4.861E-01  -3.293E-01
  1.077E+00  -2.641E-02
 -4.920E-01   3.326E-01
 -5.957E-01  -3.532E-01
  1.077E+00   2.030E-02
 -3.818E-01   2.887E-01
 -6.990E-01  -3.560E-01
  1.070E+00   6.703E-02
 -2.754E-01   2.269E-01
 -7.909E-01  -3.409E-01
  1.056E+00   1.137E-01
 -1.746E-01   1.520E-01
 -8.690E-01  -3.125E-01
  1.033E+00   1.603E-01
